{"timestamp":"2026-02-01 07:51:14.58816265","level":"INFO","fields":{"message":"Logger initialized","tid":"LOAD_GEN_MAIN"},"target":"iluvatar_library::logging"}
{"timestamp":"2026-02-01 07:51:14.595742053","level":"INFO","fields":{"message":"starting live run","tid":"LiveWorkerLoad"},"target":"iluvatar_load_gen::trace::worker_trace"}
{"timestamp":"2026-02-01 07:51:14.597006469","level":"INFO","fields":{"message":"Function mapped to self name in benchmark","tid":"LiveWorkerLoad","function":"rodinia-myocyte-2","chosen_code":"rodinia-myocyte"},"target":"iluvatar_load_gen::trace::trace_utils"}
{"timestamp":"2026-02-01 07:51:14.597021308","level":"INFO","fields":{"message":"Function mapped to self name in benchmark","tid":"LiveWorkerLoad","function":"torch_rnn-2","chosen_code":"torch_rnn"},"target":"iluvatar_load_gen::trace::trace_utils"}
{"timestamp":"2026-02-01 07:51:14.59702685","level":"INFO","fields":{"message":"Function mapped to self name in benchmark","tid":"LiveWorkerLoad","function":"rodinia-srad-4","chosen_code":"rodinia-srad"},"target":"iluvatar_load_gen::trace::trace_utils"}
{"timestamp":"2026-02-01 07:51:14.597031856","level":"INFO","fields":{"message":"Function mapped to self name in benchmark","tid":"LiveWorkerLoad","function":"cupy-0","chosen_code":"cupy"},"target":"iluvatar_load_gen::trace::trace_utils"}
{"timestamp":"2026-02-01 07:51:14.597036408","level":"INFO","fields":{"message":"Function mapped to self name in benchmark","tid":"LiveWorkerLoad","function":"pyhpc-eos-2","chosen_code":"pyhpc-eos"},"target":"iluvatar_load_gen::trace::trace_utils"}
{"timestamp":"2026-02-01 07:51:14.597040929","level":"INFO","fields":{"message":"Function mapped to self name in benchmark","tid":"LiveWorkerLoad","function":"pyhpc-isoneural-2","chosen_code":"pyhpc-isoneural"},"target":"iluvatar_load_gen::trace::trace_utils"}
{"timestamp":"2026-02-01 07:51:14.597045384","level":"INFO","fields":{"message":"Function mapped to self name in benchmark","tid":"LiveWorkerLoad","function":"imagenet-1","chosen_code":"imagenet"},"target":"iluvatar_load_gen::trace::trace_utils"}
{"timestamp":"2026-02-01 07:51:14.597049723","level":"INFO","fields":{"message":"Function mapped to self name in benchmark","tid":"LiveWorkerLoad","function":"onnx-roberta-0","chosen_code":"onnx-roberta"},"target":"iluvatar_load_gen::trace::trace_utils"}
{"timestamp":"2026-02-01 07:51:14.597054125","level":"INFO","fields":{"message":"Function mapped to self name in benchmark","tid":"LiveWorkerLoad","function":"rodinia-myocyte-3","chosen_code":"rodinia-myocyte"},"target":"iluvatar_load_gen::trace::trace_utils"}
{"timestamp":"2026-02-01 07:51:14.597058442","level":"INFO","fields":{"message":"Function mapped to self name in benchmark","tid":"LiveWorkerLoad","function":"rodinia-myocyte-4","chosen_code":"rodinia-myocyte"},"target":"iluvatar_load_gen::trace::trace_utils"}
{"timestamp":"2026-02-01 07:51:14.597063058","level":"INFO","fields":{"message":"Function mapped to self name in benchmark","tid":"LiveWorkerLoad","function":"torch_rnn-0","chosen_code":"torch_rnn"},"target":"iluvatar_load_gen::trace::trace_utils"}
{"timestamp":"2026-02-01 07:51:14.597069964","level":"INFO","fields":{"message":"Function mapped to self name in benchmark","tid":"LiveWorkerLoad","function":"pyhpc-isoneural-3","chosen_code":"pyhpc-isoneural"},"target":"iluvatar_load_gen::trace::trace_utils"}
{"timestamp":"2026-02-01 07:51:14.597074792","level":"INFO","fields":{"message":"Function mapped to self name in benchmark","tid":"LiveWorkerLoad","function":"imagenet-3","chosen_code":"imagenet"},"target":"iluvatar_load_gen::trace::trace_utils"}
{"timestamp":"2026-02-01 07:51:14.597079406","level":"INFO","fields":{"message":"Function mapped to self name in benchmark","tid":"LiveWorkerLoad","function":"cupy-4","chosen_code":"cupy"},"target":"iluvatar_load_gen::trace::trace_utils"}
{"timestamp":"2026-02-01 07:51:14.59708385","level":"INFO","fields":{"message":"Function mapped to self name in benchmark","tid":"LiveWorkerLoad","function":"imagenet-2","chosen_code":"imagenet"},"target":"iluvatar_load_gen::trace::trace_utils"}
{"timestamp":"2026-02-01 07:51:14.597088212","level":"INFO","fields":{"message":"Function mapped to self name in benchmark","tid":"LiveWorkerLoad","function":"rodinia-needle-0","chosen_code":"rodinia-needle"},"target":"iluvatar_load_gen::trace::trace_utils"}
{"timestamp":"2026-02-01 07:51:14.59709308","level":"INFO","fields":{"message":"Function mapped to self name in benchmark","tid":"LiveWorkerLoad","function":"rodinia-lud-0","chosen_code":"rodinia-lud"},"target":"iluvatar_load_gen::trace::trace_utils"}
{"timestamp":"2026-02-01 07:51:14.59709756","level":"INFO","fields":{"message":"Function mapped to self name in benchmark","tid":"LiveWorkerLoad","function":"rodinia-needle-2","chosen_code":"rodinia-needle"},"target":"iluvatar_load_gen::trace::trace_utils"}
{"timestamp":"2026-02-01 07:51:14.597101675","level":"INFO","fields":{"message":"Function mapped to self name in benchmark","tid":"LiveWorkerLoad","function":"squeezenet-3","chosen_code":"squeezenet"},"target":"iluvatar_load_gen::trace::trace_utils"}
{"timestamp":"2026-02-01 07:51:14.597106722","level":"INFO","fields":{"message":"Function mapped to self name in benchmark","tid":"LiveWorkerLoad","function":"rodinia-pathfinder-3","chosen_code":"rodinia-pathfinder"},"target":"iluvatar_load_gen::trace::trace_utils"}
{"timestamp":"2026-02-01 07:51:14.597117746","level":"INFO","fields":{"message":"Function mapped to self name in benchmark","tid":"LiveWorkerLoad","function":"rodinia-srad-3","chosen_code":"rodinia-srad"},"target":"iluvatar_load_gen::trace::trace_utils"}
{"timestamp":"2026-02-01 07:51:14.597122329","level":"INFO","fields":{"message":"Function mapped to self name in benchmark","tid":"LiveWorkerLoad","function":"rodinia-pathfinder-0","chosen_code":"rodinia-pathfinder"},"target":"iluvatar_load_gen::trace::trace_utils"}
{"timestamp":"2026-02-01 07:51:14.597127015","level":"INFO","fields":{"message":"Function mapped to self name in benchmark","tid":"LiveWorkerLoad","function":"imagenet-0","chosen_code":"imagenet"},"target":"iluvatar_load_gen::trace::trace_utils"}
{"timestamp":"2026-02-01 07:51:14.597131362","level":"INFO","fields":{"message":"Function mapped to self name in benchmark","tid":"LiveWorkerLoad","function":"squeezenet-2","chosen_code":"squeezenet"},"target":"iluvatar_load_gen::trace::trace_utils"}
{"timestamp":"2026-02-01 07:51:14.597136222","level":"INFO","fields":{"message":"Function mapped to self name in benchmark","tid":"LiveWorkerLoad","function":"pyhpc-isoneural-0","chosen_code":"pyhpc-isoneural"},"target":"iluvatar_load_gen::trace::trace_utils"}
{"timestamp":"2026-02-01 07:51:14.597141445","level":"INFO","fields":{"message":"Function mapped to self name in benchmark","tid":"LiveWorkerLoad","function":"onnx-roberta-3","chosen_code":"onnx-roberta"},"target":"iluvatar_load_gen::trace::trace_utils"}
{"timestamp":"2026-02-01 07:51:14.597148734","level":"INFO","fields":{"message":"Function mapped to self name in benchmark","tid":"LiveWorkerLoad","function":"rodinia-needle-3","chosen_code":"rodinia-needle"},"target":"iluvatar_load_gen::trace::trace_utils"}
{"timestamp":"2026-02-01 07:51:14.597156345","level":"INFO","fields":{"message":"Function mapped to self name in benchmark","tid":"LiveWorkerLoad","function":"pyhpc-eos-1","chosen_code":"pyhpc-eos"},"target":"iluvatar_load_gen::trace::trace_utils"}
{"timestamp":"2026-02-01 07:51:14.597161416","level":"INFO","fields":{"message":"Function mapped to self name in benchmark","tid":"LiveWorkerLoad","function":"rodinia-srad-0","chosen_code":"rodinia-srad"},"target":"iluvatar_load_gen::trace::trace_utils"}
{"timestamp":"2026-02-01 07:51:14.597166234","level":"INFO","fields":{"message":"Function mapped to self name in benchmark","tid":"LiveWorkerLoad","function":"pyhpc-eos-4","chosen_code":"pyhpc-eos"},"target":"iluvatar_load_gen::trace::trace_utils"}
{"timestamp":"2026-02-01 07:51:14.597171173","level":"INFO","fields":{"message":"Function mapped to self name in benchmark","tid":"LiveWorkerLoad","function":"pyhpc-isoneural-4","chosen_code":"pyhpc-isoneural"},"target":"iluvatar_load_gen::trace::trace_utils"}
{"timestamp":"2026-02-01 07:51:14.597178413","level":"INFO","fields":{"message":"Function mapped to self name in benchmark","tid":"LiveWorkerLoad","function":"rodinia-lud-4","chosen_code":"rodinia-lud"},"target":"iluvatar_load_gen::trace::trace_utils"}
{"timestamp":"2026-02-01 07:51:14.597182754","level":"INFO","fields":{"message":"Function mapped to self name in benchmark","tid":"LiveWorkerLoad","function":"onnx-roberta-1","chosen_code":"onnx-roberta"},"target":"iluvatar_load_gen::trace::trace_utils"}
{"timestamp":"2026-02-01 07:51:14.597186693","level":"INFO","fields":{"message":"Function mapped to self name in benchmark","tid":"LiveWorkerLoad","function":"onnx-roberta-4","chosen_code":"onnx-roberta"},"target":"iluvatar_load_gen::trace::trace_utils"}
{"timestamp":"2026-02-01 07:51:14.59719071","level":"INFO","fields":{"message":"Function mapped to self name in benchmark","tid":"LiveWorkerLoad","function":"imagenet-4","chosen_code":"imagenet"},"target":"iluvatar_load_gen::trace::trace_utils"}
{"timestamp":"2026-02-01 07:51:14.597194715","level":"INFO","fields":{"message":"Function mapped to self name in benchmark","tid":"LiveWorkerLoad","function":"torch_rnn-1","chosen_code":"torch_rnn"},"target":"iluvatar_load_gen::trace::trace_utils"}
{"timestamp":"2026-02-01 07:51:14.597198718","level":"INFO","fields":{"message":"Function mapped to self name in benchmark","tid":"LiveWorkerLoad","function":"rodinia-lavamd-4","chosen_code":"rodinia-lavamd"},"target":"iluvatar_load_gen::trace::trace_utils"}
{"timestamp":"2026-02-01 07:51:14.597202777","level":"INFO","fields":{"message":"Function mapped to self name in benchmark","tid":"LiveWorkerLoad","function":"cupy-2","chosen_code":"cupy"},"target":"iluvatar_load_gen::trace::trace_utils"}
{"timestamp":"2026-02-01 07:51:14.597206847","level":"INFO","fields":{"message":"Function mapped to self name in benchmark","tid":"LiveWorkerLoad","function":"rodinia-needle-4","chosen_code":"rodinia-needle"},"target":"iluvatar_load_gen::trace::trace_utils"}
{"timestamp":"2026-02-01 07:51:14.597210969","level":"INFO","fields":{"message":"Function mapped to self name in benchmark","tid":"LiveWorkerLoad","function":"rodinia-pathfinder-2","chosen_code":"rodinia-pathfinder"},"target":"iluvatar_load_gen::trace::trace_utils"}
{"timestamp":"2026-02-01 07:51:14.597215059","level":"INFO","fields":{"message":"Function mapped to self name in benchmark","tid":"LiveWorkerLoad","function":"rodinia-srad-1","chosen_code":"rodinia-srad"},"target":"iluvatar_load_gen::trace::trace_utils"}
{"timestamp":"2026-02-01 07:51:14.597219037","level":"INFO","fields":{"message":"Function mapped to self name in benchmark","tid":"LiveWorkerLoad","function":"cupy-3","chosen_code":"cupy"},"target":"iluvatar_load_gen::trace::trace_utils"}
{"timestamp":"2026-02-01 07:51:14.597222913","level":"INFO","fields":{"message":"Function mapped to self name in benchmark","tid":"LiveWorkerLoad","function":"rodinia-lavamd-2","chosen_code":"rodinia-lavamd"},"target":"iluvatar_load_gen::trace::trace_utils"}
{"timestamp":"2026-02-01 07:51:14.597226995","level":"INFO","fields":{"message":"Function mapped to self name in benchmark","tid":"LiveWorkerLoad","function":"rodinia-lud-2","chosen_code":"rodinia-lud"},"target":"iluvatar_load_gen::trace::trace_utils"}
{"timestamp":"2026-02-01 07:51:14.59723106","level":"INFO","fields":{"message":"Function mapped to self name in benchmark","tid":"LiveWorkerLoad","function":"rodinia-lud-1","chosen_code":"rodinia-lud"},"target":"iluvatar_load_gen::trace::trace_utils"}
{"timestamp":"2026-02-01 07:51:14.597235066","level":"INFO","fields":{"message":"Function mapped to self name in benchmark","tid":"LiveWorkerLoad","function":"torch_rnn-4","chosen_code":"torch_rnn"},"target":"iluvatar_load_gen::trace::trace_utils"}
{"timestamp":"2026-02-01 07:51:14.597239069","level":"INFO","fields":{"message":"Function mapped to self name in benchmark","tid":"LiveWorkerLoad","function":"squeezenet-0","chosen_code":"squeezenet"},"target":"iluvatar_load_gen::trace::trace_utils"}
{"timestamp":"2026-02-01 07:51:14.597243131","level":"INFO","fields":{"message":"Function mapped to self name in benchmark","tid":"LiveWorkerLoad","function":"torch_rnn-3","chosen_code":"torch_rnn"},"target":"iluvatar_load_gen::trace::trace_utils"}
{"timestamp":"2026-02-01 07:51:14.597247007","level":"INFO","fields":{"message":"Function mapped to self name in benchmark","tid":"LiveWorkerLoad","function":"cupy-1","chosen_code":"cupy"},"target":"iluvatar_load_gen::trace::trace_utils"}
{"timestamp":"2026-02-01 07:51:14.597250895","level":"INFO","fields":{"message":"Function mapped to self name in benchmark","tid":"LiveWorkerLoad","function":"rodinia-srad-2","chosen_code":"rodinia-srad"},"target":"iluvatar_load_gen::trace::trace_utils"}
{"timestamp":"2026-02-01 07:51:14.597254953","level":"INFO","fields":{"message":"Function mapped to self name in benchmark","tid":"LiveWorkerLoad","function":"rodinia-myocyte-0","chosen_code":"rodinia-myocyte"},"target":"iluvatar_load_gen::trace::trace_utils"}
{"timestamp":"2026-02-01 07:51:14.597259","level":"INFO","fields":{"message":"Function mapped to self name in benchmark","tid":"LiveWorkerLoad","function":"rodinia-pathfinder-1","chosen_code":"rodinia-pathfinder"},"target":"iluvatar_load_gen::trace::trace_utils"}
{"timestamp":"2026-02-01 07:51:14.597263231","level":"INFO","fields":{"message":"Function mapped to self name in benchmark","tid":"LiveWorkerLoad","function":"pyhpc-eos-0","chosen_code":"pyhpc-eos"},"target":"iluvatar_load_gen::trace::trace_utils"}
{"timestamp":"2026-02-01 07:51:14.597267226","level":"INFO","fields":{"message":"Function mapped to self name in benchmark","tid":"LiveWorkerLoad","function":"onnx-roberta-2","chosen_code":"onnx-roberta"},"target":"iluvatar_load_gen::trace::trace_utils"}
{"timestamp":"2026-02-01 07:51:14.597271268","level":"INFO","fields":{"message":"Function mapped to self name in benchmark","tid":"LiveWorkerLoad","function":"pyhpc-isoneural-1","chosen_code":"pyhpc-isoneural"},"target":"iluvatar_load_gen::trace::trace_utils"}
{"timestamp":"2026-02-01 07:51:14.597275544","level":"INFO","fields":{"message":"Function mapped to self name in benchmark","tid":"LiveWorkerLoad","function":"squeezenet-4","chosen_code":"squeezenet"},"target":"iluvatar_load_gen::trace::trace_utils"}
{"timestamp":"2026-02-01 07:51:14.597279515","level":"INFO","fields":{"message":"Function mapped to self name in benchmark","tid":"LiveWorkerLoad","function":"rodinia-lavamd-3","chosen_code":"rodinia-lavamd"},"target":"iluvatar_load_gen::trace::trace_utils"}
{"timestamp":"2026-02-01 07:51:14.597283499","level":"INFO","fields":{"message":"Function mapped to self name in benchmark","tid":"LiveWorkerLoad","function":"rodinia-lavamd-1","chosen_code":"rodinia-lavamd"},"target":"iluvatar_load_gen::trace::trace_utils"}
{"timestamp":"2026-02-01 07:51:14.597287515","level":"INFO","fields":{"message":"Function mapped to self name in benchmark","tid":"LiveWorkerLoad","function":"rodinia-needle-1","chosen_code":"rodinia-needle"},"target":"iluvatar_load_gen::trace::trace_utils"}
{"timestamp":"2026-02-01 07:51:14.597291503","level":"INFO","fields":{"message":"Function mapped to self name in benchmark","tid":"LiveWorkerLoad","function":"squeezenet-1","chosen_code":"squeezenet"},"target":"iluvatar_load_gen::trace::trace_utils"}
{"timestamp":"2026-02-01 07:51:14.597295397","level":"INFO","fields":{"message":"Function mapped to self name in benchmark","tid":"LiveWorkerLoad","function":"rodinia-pathfinder-4","chosen_code":"rodinia-pathfinder"},"target":"iluvatar_load_gen::trace::trace_utils"}
{"timestamp":"2026-02-01 07:51:14.597299361","level":"INFO","fields":{"message":"Function mapped to self name in benchmark","tid":"LiveWorkerLoad","function":"rodinia-lavamd-0","chosen_code":"rodinia-lavamd"},"target":"iluvatar_load_gen::trace::trace_utils"}
{"timestamp":"2026-02-01 07:51:14.59730338","level":"INFO","fields":{"message":"Function mapped to self name in benchmark","tid":"LiveWorkerLoad","function":"rodinia-myocyte-1","chosen_code":"rodinia-myocyte"},"target":"iluvatar_load_gen::trace::trace_utils"}
{"timestamp":"2026-02-01 07:51:14.597307379","level":"INFO","fields":{"message":"Function mapped to self name in benchmark","tid":"LiveWorkerLoad","function":"pyhpc-eos-3","chosen_code":"pyhpc-eos"},"target":"iluvatar_load_gen::trace::trace_utils"}
{"timestamp":"2026-02-01 07:51:14.597311332","level":"INFO","fields":{"message":"Function mapped to self name in benchmark","tid":"LiveWorkerLoad","function":"rodinia-lud-3","chosen_code":"rodinia-lud"},"target":"iluvatar_load_gen::trace::trace_utils"}
{"timestamp":"2026-02-01 07:51:14.597315615","level":"INFO","fields":{"message":"A total of 65 prewarmed containers","tid":"LiveWorkerLoad"},"target":"iluvatar_load_gen::trace::trace_utils"}
{"timestamp":"2026-02-01 07:51:14.654438895","level":"INFO","fields":{"message":"prewarming Some(1) containers for function 'rodinia-myocyte-2'"},"target":"iluvatar_load_gen::trace::trace_utils"}
{"timestamp":"2026-02-01 07:51:14.654485444","level":"INFO","fields":{"message":"prewarming Some(1) containers for function 'torch_rnn-2'"},"target":"iluvatar_load_gen::trace::trace_utils"}
{"timestamp":"2026-02-01 07:51:14.654516624","level":"INFO","fields":{"message":"prewarming Some(1) containers for function 'rodinia-srad-4'"},"target":"iluvatar_load_gen::trace::trace_utils"}
{"timestamp":"2026-02-01 07:51:14.654529351","level":"INFO","fields":{"message":"prewarming Some(1) containers for function 'cupy-0'"},"target":"iluvatar_load_gen::trace::trace_utils"}
{"timestamp":"2026-02-01 07:51:14.654533007","level":"INFO","fields":{"message":"prewarming Some(1) containers for function 'pyhpc-eos-2'"},"target":"iluvatar_load_gen::trace::trace_utils"}
{"timestamp":"2026-02-01 07:51:14.654646077","level":"INFO","fields":{"message":"prewarming Some(1) containers for function 'pyhpc-isoneural-2'"},"target":"iluvatar_load_gen::trace::trace_utils"}
{"timestamp":"2026-02-01 07:51:14.654655971","level":"INFO","fields":{"message":"prewarming Some(1) containers for function 'imagenet-1'"},"target":"iluvatar_load_gen::trace::trace_utils"}
{"timestamp":"2026-02-01 07:51:14.65466352","level":"INFO","fields":{"message":"prewarming Some(1) containers for function 'onnx-roberta-0'"},"target":"iluvatar_load_gen::trace::trace_utils"}
{"timestamp":"2026-02-01 07:51:14.654670125","level":"INFO","fields":{"message":"prewarming Some(1) containers for function 'rodinia-myocyte-3'"},"target":"iluvatar_load_gen::trace::trace_utils"}
{"timestamp":"2026-02-01 07:51:14.654690438","level":"INFO","fields":{"message":"prewarming Some(1) containers for function 'rodinia-myocyte-4'"},"target":"iluvatar_load_gen::trace::trace_utils"}
{"timestamp":"2026-02-01 07:51:14.654696943","level":"INFO","fields":{"message":"prewarming Some(1) containers for function 'torch_rnn-0'"},"target":"iluvatar_load_gen::trace::trace_utils"}
{"timestamp":"2026-02-01 07:51:14.654706099","level":"INFO","fields":{"message":"prewarming Some(1) containers for function 'pyhpc-isoneural-3'"},"target":"iluvatar_load_gen::trace::trace_utils"}
{"timestamp":"2026-02-01 07:51:14.654713454","level":"INFO","fields":{"message":"prewarming Some(1) containers for function 'imagenet-3'"},"target":"iluvatar_load_gen::trace::trace_utils"}
{"timestamp":"2026-02-01 07:51:14.654722625","level":"INFO","fields":{"message":"prewarming Some(1) containers for function 'cupy-4'"},"target":"iluvatar_load_gen::trace::trace_utils"}
{"timestamp":"2026-02-01 07:51:14.654731381","level":"INFO","fields":{"message":"prewarming Some(1) containers for function 'imagenet-2'"},"target":"iluvatar_load_gen::trace::trace_utils"}
{"timestamp":"2026-02-01 07:51:14.65473822","level":"INFO","fields":{"message":"prewarming Some(1) containers for function 'rodinia-needle-0'"},"target":"iluvatar_load_gen::trace::trace_utils"}
{"timestamp":"2026-02-01 07:51:14.654744886","level":"INFO","fields":{"message":"prewarming Some(1) containers for function 'rodinia-lud-0'"},"target":"iluvatar_load_gen::trace::trace_utils"}
{"timestamp":"2026-02-01 07:51:14.655158051","level":"INFO","fields":{"message":"prewarming Some(1) containers for function 'rodinia-needle-2'"},"target":"iluvatar_load_gen::trace::trace_utils"}
{"timestamp":"2026-02-01 07:51:14.655165239","level":"INFO","fields":{"message":"prewarming Some(1) containers for function 'squeezenet-3'"},"target":"iluvatar_load_gen::trace::trace_utils"}
{"timestamp":"2026-02-01 07:51:14.655172141","level":"INFO","fields":{"message":"prewarming Some(1) containers for function 'rodinia-pathfinder-3'"},"target":"iluvatar_load_gen::trace::trace_utils"}
{"timestamp":"2026-02-01 07:51:14.655178637","level":"INFO","fields":{"message":"prewarming Some(1) containers for function 'rodinia-srad-3'"},"target":"iluvatar_load_gen::trace::trace_utils"}
{"timestamp":"2026-02-01 07:51:14.655185501","level":"INFO","fields":{"message":"prewarming Some(1) containers for function 'rodinia-pathfinder-0'"},"target":"iluvatar_load_gen::trace::trace_utils"}
{"timestamp":"2026-02-01 07:51:14.655195474","level":"INFO","fields":{"message":"prewarming Some(1) containers for function 'imagenet-0'"},"target":"iluvatar_load_gen::trace::trace_utils"}
{"timestamp":"2026-02-01 07:51:14.655202291","level":"INFO","fields":{"message":"prewarming Some(1) containers for function 'squeezenet-2'"},"target":"iluvatar_load_gen::trace::trace_utils"}
{"timestamp":"2026-02-01 07:51:14.655209249","level":"INFO","fields":{"message":"prewarming Some(1) containers for function 'pyhpc-isoneural-0'"},"target":"iluvatar_load_gen::trace::trace_utils"}
{"timestamp":"2026-02-01 07:51:14.655217554","level":"INFO","fields":{"message":"prewarming Some(1) containers for function 'onnx-roberta-3'"},"target":"iluvatar_load_gen::trace::trace_utils"}
{"timestamp":"2026-02-01 07:51:14.655231146","level":"INFO","fields":{"message":"prewarming Some(1) containers for function 'rodinia-needle-3'"},"target":"iluvatar_load_gen::trace::trace_utils"}
{"timestamp":"2026-02-01 07:51:14.655238629","level":"INFO","fields":{"message":"prewarming Some(1) containers for function 'pyhpc-eos-1'"},"target":"iluvatar_load_gen::trace::trace_utils"}
{"timestamp":"2026-02-01 07:51:14.655245169","level":"INFO","fields":{"message":"prewarming Some(1) containers for function 'rodinia-srad-0'"},"target":"iluvatar_load_gen::trace::trace_utils"}
{"timestamp":"2026-02-01 07:51:14.655251713","level":"INFO","fields":{"message":"prewarming Some(1) containers for function 'pyhpc-eos-4'"},"target":"iluvatar_load_gen::trace::trace_utils"}
{"timestamp":"2026-02-01 07:51:14.65525952","level":"INFO","fields":{"message":"prewarming Some(1) containers for function 'pyhpc-isoneural-4'"},"target":"iluvatar_load_gen::trace::trace_utils"}
{"timestamp":"2026-02-01 07:51:14.655270862","level":"INFO","fields":{"message":"prewarming Some(1) containers for function 'rodinia-lud-4'"},"target":"iluvatar_load_gen::trace::trace_utils"}
{"timestamp":"2026-02-01 07:51:14.655277564","level":"INFO","fields":{"message":"prewarming Some(1) containers for function 'onnx-roberta-1'"},"target":"iluvatar_load_gen::trace::trace_utils"}
{"timestamp":"2026-02-01 07:51:14.655301878","level":"INFO","fields":{"message":"prewarming Some(1) containers for function 'onnx-roberta-4'"},"target":"iluvatar_load_gen::trace::trace_utils"}
{"timestamp":"2026-02-01 07:51:14.655312809","level":"INFO","fields":{"message":"prewarming Some(1) containers for function 'imagenet-4'"},"target":"iluvatar_load_gen::trace::trace_utils"}
{"timestamp":"2026-02-01 07:51:14.655319093","level":"INFO","fields":{"message":"prewarming Some(1) containers for function 'torch_rnn-1'"},"target":"iluvatar_load_gen::trace::trace_utils"}
{"timestamp":"2026-02-01 07:51:14.655326273","level":"INFO","fields":{"message":"prewarming Some(1) containers for function 'rodinia-lavamd-4'"},"target":"iluvatar_load_gen::trace::trace_utils"}
{"timestamp":"2026-02-01 07:51:14.655333346","level":"INFO","fields":{"message":"prewarming Some(1) containers for function 'cupy-2'"},"target":"iluvatar_load_gen::trace::trace_utils"}
{"timestamp":"2026-02-01 07:51:14.655340234","level":"INFO","fields":{"message":"prewarming Some(1) containers for function 'rodinia-needle-4'"},"target":"iluvatar_load_gen::trace::trace_utils"}
{"timestamp":"2026-02-01 07:51:14.655346645","level":"INFO","fields":{"message":"prewarming Some(1) containers for function 'rodinia-pathfinder-2'"},"target":"iluvatar_load_gen::trace::trace_utils"}
{"timestamp":"2026-02-01 07:51:14.65535671","level":"INFO","fields":{"message":"prewarming Some(1) containers for function 'rodinia-srad-1'"},"target":"iluvatar_load_gen::trace::trace_utils"}
{"timestamp":"2026-02-01 07:51:14.655363774","level":"INFO","fields":{"message":"prewarming Some(1) containers for function 'cupy-3'"},"target":"iluvatar_load_gen::trace::trace_utils"}
{"timestamp":"2026-02-01 07:51:14.655370884","level":"INFO","fields":{"message":"prewarming Some(1) containers for function 'rodinia-lavamd-2'"},"target":"iluvatar_load_gen::trace::trace_utils"}
{"timestamp":"2026-02-01 07:51:14.65537743","level":"INFO","fields":{"message":"prewarming Some(1) containers for function 'rodinia-lud-2'"},"target":"iluvatar_load_gen::trace::trace_utils"}
{"timestamp":"2026-02-01 07:51:14.655384258","level":"INFO","fields":{"message":"prewarming Some(1) containers for function 'rodinia-lud-1'"},"target":"iluvatar_load_gen::trace::trace_utils"}
{"timestamp":"2026-02-01 07:51:14.655390759","level":"INFO","fields":{"message":"prewarming Some(1) containers for function 'torch_rnn-4'"},"target":"iluvatar_load_gen::trace::trace_utils"}
{"timestamp":"2026-02-01 07:51:14.65540236","level":"INFO","fields":{"message":"prewarming Some(1) containers for function 'squeezenet-0'"},"target":"iluvatar_load_gen::trace::trace_utils"}
{"timestamp":"2026-02-01 07:51:14.655409078","level":"INFO","fields":{"message":"prewarming Some(1) containers for function 'torch_rnn-3'"},"target":"iluvatar_load_gen::trace::trace_utils"}
{"timestamp":"2026-02-01 07:51:14.655417559","level":"INFO","fields":{"message":"prewarming Some(1) containers for function 'cupy-1'"},"target":"iluvatar_load_gen::trace::trace_utils"}
{"timestamp":"2026-02-01 07:51:14.655424455","level":"INFO","fields":{"message":"prewarming Some(1) containers for function 'rodinia-srad-2'"},"target":"iluvatar_load_gen::trace::trace_utils"}
{"timestamp":"2026-02-01 07:51:14.655431042","level":"INFO","fields":{"message":"prewarming Some(1) containers for function 'rodinia-myocyte-0'"},"target":"iluvatar_load_gen::trace::trace_utils"}
{"timestamp":"2026-02-01 07:51:14.65543954","level":"INFO","fields":{"message":"prewarming Some(1) containers for function 'rodinia-pathfinder-1'"},"target":"iluvatar_load_gen::trace::trace_utils"}
{"timestamp":"2026-02-01 07:51:14.655447938","level":"INFO","fields":{"message":"prewarming Some(1) containers for function 'pyhpc-eos-0'"},"target":"iluvatar_load_gen::trace::trace_utils"}
{"timestamp":"2026-02-01 07:51:14.655454865","level":"INFO","fields":{"message":"prewarming Some(1) containers for function 'onnx-roberta-2'"},"target":"iluvatar_load_gen::trace::trace_utils"}
{"timestamp":"2026-02-01 07:51:14.655464404","level":"INFO","fields":{"message":"prewarming Some(1) containers for function 'pyhpc-isoneural-1'"},"target":"iluvatar_load_gen::trace::trace_utils"}
{"timestamp":"2026-02-01 07:51:14.655472227","level":"INFO","fields":{"message":"prewarming Some(1) containers for function 'squeezenet-4'"},"target":"iluvatar_load_gen::trace::trace_utils"}
{"timestamp":"2026-02-01 07:51:14.655479127","level":"INFO","fields":{"message":"prewarming Some(1) containers for function 'rodinia-lavamd-3'"},"target":"iluvatar_load_gen::trace::trace_utils"}
{"timestamp":"2026-02-01 07:51:14.655486027","level":"INFO","fields":{"message":"prewarming Some(1) containers for function 'rodinia-lavamd-1'"},"target":"iluvatar_load_gen::trace::trace_utils"}
{"timestamp":"2026-02-01 07:51:14.655492797","level":"INFO","fields":{"message":"prewarming Some(1) containers for function 'rodinia-needle-1'"},"target":"iluvatar_load_gen::trace::trace_utils"}
{"timestamp":"2026-02-01 07:51:14.655501037","level":"INFO","fields":{"message":"prewarming Some(1) containers for function 'squeezenet-1'"},"target":"iluvatar_load_gen::trace::trace_utils"}
{"timestamp":"2026-02-01 07:51:14.655510829","level":"INFO","fields":{"message":"prewarming Some(1) containers for function 'rodinia-pathfinder-4'"},"target":"iluvatar_load_gen::trace::trace_utils"}
{"timestamp":"2026-02-01 07:51:14.655519515","level":"INFO","fields":{"message":"prewarming Some(1) containers for function 'rodinia-lavamd-0'"},"target":"iluvatar_load_gen::trace::trace_utils"}
{"timestamp":"2026-02-01 07:51:14.655526141","level":"INFO","fields":{"message":"prewarming Some(1) containers for function 'rodinia-myocyte-1'"},"target":"iluvatar_load_gen::trace::trace_utils"}
{"timestamp":"2026-02-01 07:51:14.655533307","level":"INFO","fields":{"message":"prewarming Some(1) containers for function 'pyhpc-eos-3'"},"target":"iluvatar_load_gen::trace::trace_utils"}
{"timestamp":"2026-02-01 07:51:14.655540151","level":"INFO","fields":{"message":"prewarming Some(1) containers for function 'rodinia-lud-3'"},"target":"iluvatar_load_gen::trace::trace_utils"}
{"timestamp":"2026-02-01 07:51:34.832808244","level":"ERROR","fields":{"tid":"0-pyhpc-eos-4-prewarm","message":"{ \"Error\": \"No GPU available to launch container\" }","err":"Prewarm request failed: \"{ \\\"Error\\\": \\\"No GPU available to launch container\\\" }\""},"target":"iluvatar_worker_library::worker_api::rpc"}
{"timestamp":"2026-02-01 07:52:03.244422823","level":"INFO","fields":{"message":"Starting invocations","tid":"LiveWorkerLoad"},"target":"iluvatar_load_gen::trace::worker_trace"}
{"timestamp":"2026-02-01 08:21:58.702884973","level":"INFO","fields":{"message":"Invocations sent, awaiting on thread handles","tid":"LiveWorkerLoad"},"target":"iluvatar_load_gen::trace::worker_trace"}
{"timestamp":"2026-02-01 08:22:00.554441037","level":"INFO","fields":{"message":"Threads closed, writing results to file","tid":"LiveWorkerLoad"},"target":"iluvatar_load_gen::trace::worker_trace"}
