{"timestamp":"2026-01-07 10:38:03.60801781","level":"INFO","fields":{"message":"Logger initialized","tid":"LOAD_GEN_MAIN"},"target":"iluvatar_library::logging"}
{"timestamp":"2026-01-07 10:38:03.61565252","level":"INFO","fields":{"message":"starting live run","tid":"LiveWorkerLoad"},"target":"iluvatar_load_gen::trace::worker_trace"}
{"timestamp":"2026-01-07 10:38:03.616513616","level":"INFO","fields":{"message":"Function mapped to self name in benchmark","tid":"LiveWorkerLoad","function":"imagenet-2","chosen_code":"imagenet"},"target":"iluvatar_load_gen::trace::trace_utils"}
{"timestamp":"2026-01-07 10:38:03.616530094","level":"INFO","fields":{"message":"Function mapped to self name in benchmark","tid":"LiveWorkerLoad","function":"rodinia-lud-0","chosen_code":"rodinia-lud"},"target":"iluvatar_load_gen::trace::trace_utils"}
{"timestamp":"2026-01-07 10:38:03.616533652","level":"INFO","fields":{"message":"Function mapped to self name in benchmark","tid":"LiveWorkerLoad","function":"squeezenet-2","chosen_code":"squeezenet"},"target":"iluvatar_load_gen::trace::trace_utils"}
{"timestamp":"2026-01-07 10:38:03.616536765","level":"INFO","fields":{"message":"Function mapped to self name in benchmark","tid":"LiveWorkerLoad","function":"rodinia-myocyte-2","chosen_code":"rodinia-myocyte"},"target":"iluvatar_load_gen::trace::trace_utils"}
{"timestamp":"2026-01-07 10:38:03.616551114","level":"INFO","fields":{"message":"Function mapped to self name in benchmark","tid":"LiveWorkerLoad","function":"imagenet-0","chosen_code":"imagenet"},"target":"iluvatar_load_gen::trace::trace_utils"}
{"timestamp":"2026-01-07 10:38:03.616553977","level":"INFO","fields":{"message":"Function mapped to self name in benchmark","tid":"LiveWorkerLoad","function":"rodinia-lavamd-0","chosen_code":"rodinia-lavamd"},"target":"iluvatar_load_gen::trace::trace_utils"}
{"timestamp":"2026-01-07 10:38:03.616556715","level":"INFO","fields":{"message":"Function mapped to self name in benchmark","tid":"LiveWorkerLoad","function":"onnx-roberta-0","chosen_code":"onnx-roberta"},"target":"iluvatar_load_gen::trace::trace_utils"}
{"timestamp":"2026-01-07 10:38:03.616559378","level":"INFO","fields":{"message":"Function mapped to self name in benchmark","tid":"LiveWorkerLoad","function":"torch_rnn-3","chosen_code":"torch_rnn"},"target":"iluvatar_load_gen::trace::trace_utils"}
{"timestamp":"2026-01-07 10:38:03.616562346","level":"INFO","fields":{"message":"Function mapped to self name in benchmark","tid":"LiveWorkerLoad","function":"onnx-roberta-4","chosen_code":"onnx-roberta"},"target":"iluvatar_load_gen::trace::trace_utils"}
{"timestamp":"2026-01-07 10:38:03.616565216","level":"INFO","fields":{"message":"Function mapped to self name in benchmark","tid":"LiveWorkerLoad","function":"imagenet-3","chosen_code":"imagenet"},"target":"iluvatar_load_gen::trace::trace_utils"}
{"timestamp":"2026-01-07 10:38:03.61656787","level":"INFO","fields":{"message":"Function mapped to self name in benchmark","tid":"LiveWorkerLoad","function":"squeezenet-1","chosen_code":"squeezenet"},"target":"iluvatar_load_gen::trace::trace_utils"}
{"timestamp":"2026-01-07 10:38:03.61657058","level":"INFO","fields":{"message":"Function mapped to self name in benchmark","tid":"LiveWorkerLoad","function":"rodinia-srad-0","chosen_code":"rodinia-srad"},"target":"iluvatar_load_gen::trace::trace_utils"}
{"timestamp":"2026-01-07 10:38:03.616573953","level":"INFO","fields":{"message":"Function mapped to self name in benchmark","tid":"LiveWorkerLoad","function":"rodinia-lavamd-4","chosen_code":"rodinia-lavamd"},"target":"iluvatar_load_gen::trace::trace_utils"}
{"timestamp":"2026-01-07 10:38:03.616577312","level":"INFO","fields":{"message":"Function mapped to self name in benchmark","tid":"LiveWorkerLoad","function":"torch_rnn-0","chosen_code":"torch_rnn"},"target":"iluvatar_load_gen::trace::trace_utils"}
{"timestamp":"2026-01-07 10:38:03.61658171","level":"INFO","fields":{"message":"Function mapped to self name in benchmark","tid":"LiveWorkerLoad","function":"pyhpc-eos-1","chosen_code":"pyhpc-eos"},"target":"iluvatar_load_gen::trace::trace_utils"}
{"timestamp":"2026-01-07 10:38:03.616587054","level":"INFO","fields":{"message":"Function mapped to self name in benchmark","tid":"LiveWorkerLoad","function":"pyhpc-isoneural-2","chosen_code":"pyhpc-isoneural"},"target":"iluvatar_load_gen::trace::trace_utils"}
{"timestamp":"2026-01-07 10:38:03.616590062","level":"INFO","fields":{"message":"Function mapped to self name in benchmark","tid":"LiveWorkerLoad","function":"pyhpc-isoneural-4","chosen_code":"pyhpc-isoneural"},"target":"iluvatar_load_gen::trace::trace_utils"}
{"timestamp":"2026-01-07 10:38:03.616592447","level":"INFO","fields":{"message":"Function mapped to self name in benchmark","tid":"LiveWorkerLoad","function":"rodinia-srad-2","chosen_code":"rodinia-srad"},"target":"iluvatar_load_gen::trace::trace_utils"}
{"timestamp":"2026-01-07 10:38:03.616594996","level":"INFO","fields":{"message":"Function mapped to self name in benchmark","tid":"LiveWorkerLoad","function":"pyhpc-isoneural-3","chosen_code":"pyhpc-isoneural"},"target":"iluvatar_load_gen::trace::trace_utils"}
{"timestamp":"2026-01-07 10:38:03.616599831","level":"INFO","fields":{"message":"Function mapped to self name in benchmark","tid":"LiveWorkerLoad","function":"rodinia-needle-1","chosen_code":"rodinia-needle"},"target":"iluvatar_load_gen::trace::trace_utils"}
{"timestamp":"2026-01-07 10:38:03.616604298","level":"INFO","fields":{"message":"Function mapped to self name in benchmark","tid":"LiveWorkerLoad","function":"rodinia-myocyte-0","chosen_code":"rodinia-myocyte"},"target":"iluvatar_load_gen::trace::trace_utils"}
{"timestamp":"2026-01-07 10:38:03.61660947","level":"INFO","fields":{"message":"Function mapped to self name in benchmark","tid":"LiveWorkerLoad","function":"squeezenet-4","chosen_code":"squeezenet"},"target":"iluvatar_load_gen::trace::trace_utils"}
{"timestamp":"2026-01-07 10:38:03.616614701","level":"INFO","fields":{"message":"Function mapped to self name in benchmark","tid":"LiveWorkerLoad","function":"pyhpc-eos-0","chosen_code":"pyhpc-eos"},"target":"iluvatar_load_gen::trace::trace_utils"}
{"timestamp":"2026-01-07 10:38:03.616617793","level":"INFO","fields":{"message":"Function mapped to self name in benchmark","tid":"LiveWorkerLoad","function":"cupy-0","chosen_code":"cupy"},"target":"iluvatar_load_gen::trace::trace_utils"}
{"timestamp":"2026-01-07 10:38:03.616621071","level":"INFO","fields":{"message":"Function mapped to self name in benchmark","tid":"LiveWorkerLoad","function":"rodinia-myocyte-4","chosen_code":"rodinia-myocyte"},"target":"iluvatar_load_gen::trace::trace_utils"}
{"timestamp":"2026-01-07 10:38:03.616624018","level":"INFO","fields":{"message":"Function mapped to self name in benchmark","tid":"LiveWorkerLoad","function":"rodinia-lud-2","chosen_code":"rodinia-lud"},"target":"iluvatar_load_gen::trace::trace_utils"}
{"timestamp":"2026-01-07 10:38:03.61662746","level":"INFO","fields":{"message":"Function mapped to self name in benchmark","tid":"LiveWorkerLoad","function":"torch_rnn-1","chosen_code":"torch_rnn"},"target":"iluvatar_load_gen::trace::trace_utils"}
{"timestamp":"2026-01-07 10:38:03.616632386","level":"INFO","fields":{"message":"Function mapped to self name in benchmark","tid":"LiveWorkerLoad","function":"onnx-roberta-3","chosen_code":"onnx-roberta"},"target":"iluvatar_load_gen::trace::trace_utils"}
{"timestamp":"2026-01-07 10:38:03.616635212","level":"INFO","fields":{"message":"Function mapped to self name in benchmark","tid":"LiveWorkerLoad","function":"rodinia-needle-3","chosen_code":"rodinia-needle"},"target":"iluvatar_load_gen::trace::trace_utils"}
{"timestamp":"2026-01-07 10:38:03.616638522","level":"INFO","fields":{"message":"Function mapped to self name in benchmark","tid":"LiveWorkerLoad","function":"rodinia-myocyte-1","chosen_code":"rodinia-myocyte"},"target":"iluvatar_load_gen::trace::trace_utils"}
{"timestamp":"2026-01-07 10:38:03.616643496","level":"INFO","fields":{"message":"Function mapped to self name in benchmark","tid":"LiveWorkerLoad","function":"rodinia-srad-1","chosen_code":"rodinia-srad"},"target":"iluvatar_load_gen::trace::trace_utils"}
{"timestamp":"2026-01-07 10:38:03.616646281","level":"INFO","fields":{"message":"Function mapped to self name in benchmark","tid":"LiveWorkerLoad","function":"torch_rnn-2","chosen_code":"torch_rnn"},"target":"iluvatar_load_gen::trace::trace_utils"}
{"timestamp":"2026-01-07 10:38:03.616648863","level":"INFO","fields":{"message":"Function mapped to self name in benchmark","tid":"LiveWorkerLoad","function":"rodinia-srad-4","chosen_code":"rodinia-srad"},"target":"iluvatar_load_gen::trace::trace_utils"}
{"timestamp":"2026-01-07 10:38:03.616651351","level":"INFO","fields":{"message":"Function mapped to self name in benchmark","tid":"LiveWorkerLoad","function":"onnx-roberta-1","chosen_code":"onnx-roberta"},"target":"iluvatar_load_gen::trace::trace_utils"}
{"timestamp":"2026-01-07 10:38:03.616657947","level":"INFO","fields":{"message":"Function mapped to self name in benchmark","tid":"LiveWorkerLoad","function":"rodinia-pathfinder-4","chosen_code":"rodinia-pathfinder"},"target":"iluvatar_load_gen::trace::trace_utils"}
{"timestamp":"2026-01-07 10:38:03.616660908","level":"INFO","fields":{"message":"Function mapped to self name in benchmark","tid":"LiveWorkerLoad","function":"pyhpc-eos-2","chosen_code":"pyhpc-eos"},"target":"iluvatar_load_gen::trace::trace_utils"}
{"timestamp":"2026-01-07 10:38:03.616666216","level":"INFO","fields":{"message":"Function mapped to self name in benchmark","tid":"LiveWorkerLoad","function":"rodinia-srad-3","chosen_code":"rodinia-srad"},"target":"iluvatar_load_gen::trace::trace_utils"}
{"timestamp":"2026-01-07 10:38:03.616669421","level":"INFO","fields":{"message":"Function mapped to self name in benchmark","tid":"LiveWorkerLoad","function":"pyhpc-eos-3","chosen_code":"pyhpc-eos"},"target":"iluvatar_load_gen::trace::trace_utils"}
{"timestamp":"2026-01-07 10:38:03.616672603","level":"INFO","fields":{"message":"Function mapped to self name in benchmark","tid":"LiveWorkerLoad","function":"squeezenet-3","chosen_code":"squeezenet"},"target":"iluvatar_load_gen::trace::trace_utils"}
{"timestamp":"2026-01-07 10:38:03.616676481","level":"INFO","fields":{"message":"Function mapped to self name in benchmark","tid":"LiveWorkerLoad","function":"rodinia-pathfinder-3","chosen_code":"rodinia-pathfinder"},"target":"iluvatar_load_gen::trace::trace_utils"}
{"timestamp":"2026-01-07 10:38:03.616679519","level":"INFO","fields":{"message":"Function mapped to self name in benchmark","tid":"LiveWorkerLoad","function":"imagenet-1","chosen_code":"imagenet"},"target":"iluvatar_load_gen::trace::trace_utils"}
{"timestamp":"2026-01-07 10:38:03.616681999","level":"INFO","fields":{"message":"Function mapped to self name in benchmark","tid":"LiveWorkerLoad","function":"rodinia-lavamd-3","chosen_code":"rodinia-lavamd"},"target":"iluvatar_load_gen::trace::trace_utils"}
{"timestamp":"2026-01-07 10:38:03.616684881","level":"INFO","fields":{"message":"Function mapped to self name in benchmark","tid":"LiveWorkerLoad","function":"pyhpc-isoneural-0","chosen_code":"pyhpc-isoneural"},"target":"iluvatar_load_gen::trace::trace_utils"}
{"timestamp":"2026-01-07 10:38:03.616688117","level":"INFO","fields":{"message":"Function mapped to self name in benchmark","tid":"LiveWorkerLoad","function":"rodinia-pathfinder-0","chosen_code":"rodinia-pathfinder"},"target":"iluvatar_load_gen::trace::trace_utils"}
{"timestamp":"2026-01-07 10:38:03.616691404","level":"INFO","fields":{"message":"Function mapped to self name in benchmark","tid":"LiveWorkerLoad","function":"rodinia-lud-3","chosen_code":"rodinia-lud"},"target":"iluvatar_load_gen::trace::trace_utils"}
{"timestamp":"2026-01-07 10:38:03.61669401","level":"INFO","fields":{"message":"Function mapped to self name in benchmark","tid":"LiveWorkerLoad","function":"imagenet-4","chosen_code":"imagenet"},"target":"iluvatar_load_gen::trace::trace_utils"}
{"timestamp":"2026-01-07 10:38:03.616697246","level":"INFO","fields":{"message":"Function mapped to self name in benchmark","tid":"LiveWorkerLoad","function":"cupy-2","chosen_code":"cupy"},"target":"iluvatar_load_gen::trace::trace_utils"}
{"timestamp":"2026-01-07 10:38:03.616699925","level":"INFO","fields":{"message":"Function mapped to self name in benchmark","tid":"LiveWorkerLoad","function":"rodinia-pathfinder-2","chosen_code":"rodinia-pathfinder"},"target":"iluvatar_load_gen::trace::trace_utils"}
{"timestamp":"2026-01-07 10:38:03.616702953","level":"INFO","fields":{"message":"Function mapped to self name in benchmark","tid":"LiveWorkerLoad","function":"squeezenet-0","chosen_code":"squeezenet"},"target":"iluvatar_load_gen::trace::trace_utils"}
{"timestamp":"2026-01-07 10:38:03.61670545","level":"INFO","fields":{"message":"Function mapped to self name in benchmark","tid":"LiveWorkerLoad","function":"rodinia-myocyte-3","chosen_code":"rodinia-myocyte"},"target":"iluvatar_load_gen::trace::trace_utils"}
{"timestamp":"2026-01-07 10:38:03.616707906","level":"INFO","fields":{"message":"Function mapped to self name in benchmark","tid":"LiveWorkerLoad","function":"pyhpc-isoneural-1","chosen_code":"pyhpc-isoneural"},"target":"iluvatar_load_gen::trace::trace_utils"}
{"timestamp":"2026-01-07 10:38:03.616711114","level":"INFO","fields":{"message":"Function mapped to self name in benchmark","tid":"LiveWorkerLoad","function":"cupy-1","chosen_code":"cupy"},"target":"iluvatar_load_gen::trace::trace_utils"}
{"timestamp":"2026-01-07 10:38:03.616716768","level":"INFO","fields":{"message":"Function mapped to self name in benchmark","tid":"LiveWorkerLoad","function":"rodinia-needle-0","chosen_code":"rodinia-needle"},"target":"iluvatar_load_gen::trace::trace_utils"}
{"timestamp":"2026-01-07 10:38:03.616721528","level":"INFO","fields":{"message":"Function mapped to self name in benchmark","tid":"LiveWorkerLoad","function":"torch_rnn-4","chosen_code":"torch_rnn"},"target":"iluvatar_load_gen::trace::trace_utils"}
{"timestamp":"2026-01-07 10:38:03.616726382","level":"INFO","fields":{"message":"Function mapped to self name in benchmark","tid":"LiveWorkerLoad","function":"rodinia-lavamd-2","chosen_code":"rodinia-lavamd"},"target":"iluvatar_load_gen::trace::trace_utils"}
{"timestamp":"2026-01-07 10:38:03.61672931","level":"INFO","fields":{"message":"Function mapped to self name in benchmark","tid":"LiveWorkerLoad","function":"rodinia-needle-2","chosen_code":"rodinia-needle"},"target":"iluvatar_load_gen::trace::trace_utils"}
{"timestamp":"2026-01-07 10:38:03.616732671","level":"INFO","fields":{"message":"Function mapped to self name in benchmark","tid":"LiveWorkerLoad","function":"cupy-3","chosen_code":"cupy"},"target":"iluvatar_load_gen::trace::trace_utils"}
{"timestamp":"2026-01-07 10:38:03.616737518","level":"INFO","fields":{"message":"Function mapped to self name in benchmark","tid":"LiveWorkerLoad","function":"onnx-roberta-2","chosen_code":"onnx-roberta"},"target":"iluvatar_load_gen::trace::trace_utils"}
{"timestamp":"2026-01-07 10:38:03.61674045","level":"INFO","fields":{"message":"Function mapped to self name in benchmark","tid":"LiveWorkerLoad","function":"rodinia-lud-4","chosen_code":"rodinia-lud"},"target":"iluvatar_load_gen::trace::trace_utils"}
{"timestamp":"2026-01-07 10:38:03.616743652","level":"INFO","fields":{"message":"Function mapped to self name in benchmark","tid":"LiveWorkerLoad","function":"cupy-4","chosen_code":"cupy"},"target":"iluvatar_load_gen::trace::trace_utils"}
{"timestamp":"2026-01-07 10:38:03.61674634","level":"INFO","fields":{"message":"Function mapped to self name in benchmark","tid":"LiveWorkerLoad","function":"pyhpc-eos-4","chosen_code":"pyhpc-eos"},"target":"iluvatar_load_gen::trace::trace_utils"}
{"timestamp":"2026-01-07 10:38:03.616749355","level":"INFO","fields":{"message":"Function mapped to self name in benchmark","tid":"LiveWorkerLoad","function":"rodinia-lud-1","chosen_code":"rodinia-lud"},"target":"iluvatar_load_gen::trace::trace_utils"}
{"timestamp":"2026-01-07 10:38:03.616752361","level":"INFO","fields":{"message":"Function mapped to self name in benchmark","tid":"LiveWorkerLoad","function":"rodinia-lavamd-1","chosen_code":"rodinia-lavamd"},"target":"iluvatar_load_gen::trace::trace_utils"}
{"timestamp":"2026-01-07 10:38:03.616755198","level":"INFO","fields":{"message":"Function mapped to self name in benchmark","tid":"LiveWorkerLoad","function":"rodinia-pathfinder-1","chosen_code":"rodinia-pathfinder"},"target":"iluvatar_load_gen::trace::trace_utils"}
{"timestamp":"2026-01-07 10:38:03.616758334","level":"INFO","fields":{"message":"Function mapped to self name in benchmark","tid":"LiveWorkerLoad","function":"rodinia-needle-4","chosen_code":"rodinia-needle"},"target":"iluvatar_load_gen::trace::trace_utils"}
{"timestamp":"2026-01-07 10:38:03.616761278","level":"INFO","fields":{"message":"A total of 65 prewarmed containers","tid":"LiveWorkerLoad"},"target":"iluvatar_load_gen::trace::trace_utils"}
{"timestamp":"2026-01-07 10:38:03.698796079","level":"INFO","fields":{"message":"prewarming Some(1) containers for function 'imagenet-2'"},"target":"iluvatar_load_gen::trace::trace_utils"}
{"timestamp":"2026-01-07 10:38:03.698842476","level":"INFO","fields":{"message":"prewarming Some(1) containers for function 'rodinia-lud-0'"},"target":"iluvatar_load_gen::trace::trace_utils"}
{"timestamp":"2026-01-07 10:38:03.698896271","level":"INFO","fields":{"message":"prewarming Some(1) containers for function 'squeezenet-2'"},"target":"iluvatar_load_gen::trace::trace_utils"}
{"timestamp":"2026-01-07 10:38:03.69891539","level":"INFO","fields":{"message":"prewarming Some(1) containers for function 'rodinia-myocyte-2'"},"target":"iluvatar_load_gen::trace::trace_utils"}
{"timestamp":"2026-01-07 10:38:03.698921639","level":"INFO","fields":{"message":"prewarming Some(1) containers for function 'imagenet-0'"},"target":"iluvatar_load_gen::trace::trace_utils"}
{"timestamp":"2026-01-07 10:38:03.699043475","level":"INFO","fields":{"message":"prewarming Some(1) containers for function 'rodinia-lavamd-0'"},"target":"iluvatar_load_gen::trace::trace_utils"}
{"timestamp":"2026-01-07 10:38:03.699057028","level":"INFO","fields":{"message":"prewarming Some(1) containers for function 'onnx-roberta-0'"},"target":"iluvatar_load_gen::trace::trace_utils"}
{"timestamp":"2026-01-07 10:38:03.699066277","level":"INFO","fields":{"message":"prewarming Some(1) containers for function 'torch_rnn-3'"},"target":"iluvatar_load_gen::trace::trace_utils"}
{"timestamp":"2026-01-07 10:38:03.69907788","level":"INFO","fields":{"message":"prewarming Some(1) containers for function 'onnx-roberta-4'"},"target":"iluvatar_load_gen::trace::trace_utils"}
{"timestamp":"2026-01-07 10:38:03.699094783","level":"INFO","fields":{"message":"prewarming Some(1) containers for function 'imagenet-3'"},"target":"iluvatar_load_gen::trace::trace_utils"}
{"timestamp":"2026-01-07 10:38:03.699106869","level":"INFO","fields":{"message":"prewarming Some(1) containers for function 'squeezenet-1'"},"target":"iluvatar_load_gen::trace::trace_utils"}
{"timestamp":"2026-01-07 10:38:03.69911586","level":"INFO","fields":{"message":"prewarming Some(1) containers for function 'rodinia-srad-0'"},"target":"iluvatar_load_gen::trace::trace_utils"}
{"timestamp":"2026-01-07 10:38:03.699125423","level":"INFO","fields":{"message":"prewarming Some(1) containers for function 'rodinia-lavamd-4'"},"target":"iluvatar_load_gen::trace::trace_utils"}
{"timestamp":"2026-01-07 10:38:03.699139483","level":"INFO","fields":{"message":"prewarming Some(1) containers for function 'torch_rnn-0'"},"target":"iluvatar_load_gen::trace::trace_utils"}
{"timestamp":"2026-01-07 10:38:03.699151692","level":"INFO","fields":{"message":"prewarming Some(1) containers for function 'pyhpc-eos-1'"},"target":"iluvatar_load_gen::trace::trace_utils"}
{"timestamp":"2026-01-07 10:38:03.699163022","level":"INFO","fields":{"message":"prewarming Some(1) containers for function 'pyhpc-isoneural-2'"},"target":"iluvatar_load_gen::trace::trace_utils"}
{"timestamp":"2026-01-07 10:38:03.699172589","level":"INFO","fields":{"message":"prewarming Some(1) containers for function 'pyhpc-isoneural-4'"},"target":"iluvatar_load_gen::trace::trace_utils"}
{"timestamp":"2026-01-07 10:38:03.699744599","level":"INFO","fields":{"message":"prewarming Some(1) containers for function 'rodinia-srad-2'"},"target":"iluvatar_load_gen::trace::trace_utils"}
{"timestamp":"2026-01-07 10:38:03.699758871","level":"INFO","fields":{"message":"prewarming Some(1) containers for function 'pyhpc-isoneural-3'"},"target":"iluvatar_load_gen::trace::trace_utils"}
{"timestamp":"2026-01-07 10:38:03.699771173","level":"INFO","fields":{"message":"prewarming Some(1) containers for function 'rodinia-needle-1'"},"target":"iluvatar_load_gen::trace::trace_utils"}
{"timestamp":"2026-01-07 10:38:03.699780745","level":"INFO","fields":{"message":"prewarming Some(1) containers for function 'rodinia-myocyte-0'"},"target":"iluvatar_load_gen::trace::trace_utils"}
{"timestamp":"2026-01-07 10:38:03.699789954","level":"INFO","fields":{"message":"prewarming Some(1) containers for function 'squeezenet-4'"},"target":"iluvatar_load_gen::trace::trace_utils"}
{"timestamp":"2026-01-07 10:38:03.699801561","level":"INFO","fields":{"message":"prewarming Some(1) containers for function 'pyhpc-eos-0'"},"target":"iluvatar_load_gen::trace::trace_utils"}
{"timestamp":"2026-01-07 10:38:03.699811093","level":"INFO","fields":{"message":"prewarming Some(1) containers for function 'cupy-0'"},"target":"iluvatar_load_gen::trace::trace_utils"}
{"timestamp":"2026-01-07 10:38:03.699820019","level":"INFO","fields":{"message":"prewarming Some(1) containers for function 'rodinia-myocyte-4'"},"target":"iluvatar_load_gen::trace::trace_utils"}
{"timestamp":"2026-01-07 10:38:03.699829381","level":"INFO","fields":{"message":"prewarming Some(1) containers for function 'rodinia-lud-2'"},"target":"iluvatar_load_gen::trace::trace_utils"}
{"timestamp":"2026-01-07 10:38:03.699838728","level":"INFO","fields":{"message":"prewarming Some(1) containers for function 'torch_rnn-1'"},"target":"iluvatar_load_gen::trace::trace_utils"}
{"timestamp":"2026-01-07 10:38:03.699847771","level":"INFO","fields":{"message":"prewarming Some(1) containers for function 'onnx-roberta-3'"},"target":"iluvatar_load_gen::trace::trace_utils"}
{"timestamp":"2026-01-07 10:38:03.699859237","level":"INFO","fields":{"message":"prewarming Some(1) containers for function 'rodinia-needle-3'"},"target":"iluvatar_load_gen::trace::trace_utils"}
{"timestamp":"2026-01-07 10:38:03.699877182","level":"INFO","fields":{"message":"prewarming Some(1) containers for function 'rodinia-myocyte-1'"},"target":"iluvatar_load_gen::trace::trace_utils"}
{"timestamp":"2026-01-07 10:38:03.699886576","level":"INFO","fields":{"message":"prewarming Some(1) containers for function 'rodinia-srad-1'"},"target":"iluvatar_load_gen::trace::trace_utils"}
{"timestamp":"2026-01-07 10:38:03.699895911","level":"INFO","fields":{"message":"prewarming Some(1) containers for function 'torch_rnn-2'"},"target":"iluvatar_load_gen::trace::trace_utils"}
{"timestamp":"2026-01-07 10:38:03.699905274","level":"INFO","fields":{"message":"prewarming Some(1) containers for function 'rodinia-srad-4'"},"target":"iluvatar_load_gen::trace::trace_utils"}
{"timestamp":"2026-01-07 10:38:03.699939425","level":"INFO","fields":{"message":"prewarming Some(1) containers for function 'onnx-roberta-1'"},"target":"iluvatar_load_gen::trace::trace_utils"}
{"timestamp":"2026-01-07 10:38:03.699953593","level":"INFO","fields":{"message":"prewarming Some(1) containers for function 'rodinia-pathfinder-4'"},"target":"iluvatar_load_gen::trace::trace_utils"}
{"timestamp":"2026-01-07 10:38:03.699962651","level":"INFO","fields":{"message":"prewarming Some(1) containers for function 'pyhpc-eos-2'"},"target":"iluvatar_load_gen::trace::trace_utils"}
{"timestamp":"2026-01-07 10:38:03.699972125","level":"INFO","fields":{"message":"prewarming Some(1) containers for function 'rodinia-srad-3'"},"target":"iluvatar_load_gen::trace::trace_utils"}
{"timestamp":"2026-01-07 10:38:03.699982277","level":"INFO","fields":{"message":"prewarming Some(1) containers for function 'pyhpc-eos-3'"},"target":"iluvatar_load_gen::trace::trace_utils"}
{"timestamp":"2026-01-07 10:38:03.69999147","level":"INFO","fields":{"message":"prewarming Some(1) containers for function 'squeezenet-3'"},"target":"iluvatar_load_gen::trace::trace_utils"}
{"timestamp":"2026-01-07 10:38:03.700000976","level":"INFO","fields":{"message":"prewarming Some(1) containers for function 'rodinia-pathfinder-3'"},"target":"iluvatar_load_gen::trace::trace_utils"}
{"timestamp":"2026-01-07 10:38:03.700017385","level":"INFO","fields":{"message":"prewarming Some(1) containers for function 'imagenet-1'"},"target":"iluvatar_load_gen::trace::trace_utils"}
{"timestamp":"2026-01-07 10:38:03.700027399","level":"INFO","fields":{"message":"prewarming Some(1) containers for function 'rodinia-lavamd-3'"},"target":"iluvatar_load_gen::trace::trace_utils"}
{"timestamp":"2026-01-07 10:38:03.700037086","level":"INFO","fields":{"message":"prewarming Some(1) containers for function 'pyhpc-isoneural-0'"},"target":"iluvatar_load_gen::trace::trace_utils"}
{"timestamp":"2026-01-07 10:38:03.700046551","level":"INFO","fields":{"message":"prewarming Some(1) containers for function 'rodinia-pathfinder-0'"},"target":"iluvatar_load_gen::trace::trace_utils"}
{"timestamp":"2026-01-07 10:38:03.700056206","level":"INFO","fields":{"message":"prewarming Some(1) containers for function 'rodinia-lud-3'"},"target":"iluvatar_load_gen::trace::trace_utils"}
{"timestamp":"2026-01-07 10:38:03.700066117","level":"INFO","fields":{"message":"prewarming Some(1) containers for function 'imagenet-4'"},"target":"iluvatar_load_gen::trace::trace_utils"}
{"timestamp":"2026-01-07 10:38:03.700078682","level":"INFO","fields":{"message":"prewarming Some(1) containers for function 'cupy-2'"},"target":"iluvatar_load_gen::trace::trace_utils"}
{"timestamp":"2026-01-07 10:38:03.700088346","level":"INFO","fields":{"message":"prewarming Some(1) containers for function 'rodinia-pathfinder-2'"},"target":"iluvatar_load_gen::trace::trace_utils"}
{"timestamp":"2026-01-07 10:38:03.700101049","level":"INFO","fields":{"message":"prewarming Some(1) containers for function 'squeezenet-0'"},"target":"iluvatar_load_gen::trace::trace_utils"}
{"timestamp":"2026-01-07 10:38:03.700114588","level":"INFO","fields":{"message":"prewarming Some(1) containers for function 'rodinia-myocyte-3'"},"target":"iluvatar_load_gen::trace::trace_utils"}
{"timestamp":"2026-01-07 10:38:03.700124197","level":"INFO","fields":{"message":"prewarming Some(1) containers for function 'pyhpc-isoneural-1'"},"target":"iluvatar_load_gen::trace::trace_utils"}
{"timestamp":"2026-01-07 10:38:03.700134069","level":"INFO","fields":{"message":"prewarming Some(1) containers for function 'cupy-1'"},"target":"iluvatar_load_gen::trace::trace_utils"}
{"timestamp":"2026-01-07 10:38:03.700143936","level":"INFO","fields":{"message":"prewarming Some(1) containers for function 'rodinia-needle-0'"},"target":"iluvatar_load_gen::trace::trace_utils"}
{"timestamp":"2026-01-07 10:38:03.700153522","level":"INFO","fields":{"message":"prewarming Some(1) containers for function 'torch_rnn-4'"},"target":"iluvatar_load_gen::trace::trace_utils"}
{"timestamp":"2026-01-07 10:38:03.700162971","level":"INFO","fields":{"message":"prewarming Some(1) containers for function 'rodinia-lavamd-2'"},"target":"iluvatar_load_gen::trace::trace_utils"}
{"timestamp":"2026-01-07 10:38:03.700173917","level":"INFO","fields":{"message":"prewarming Some(1) containers for function 'rodinia-needle-2'"},"target":"iluvatar_load_gen::trace::trace_utils"}
{"timestamp":"2026-01-07 10:38:03.700183546","level":"INFO","fields":{"message":"prewarming Some(1) containers for function 'cupy-3'"},"target":"iluvatar_load_gen::trace::trace_utils"}
{"timestamp":"2026-01-07 10:38:03.700193142","level":"INFO","fields":{"message":"prewarming Some(1) containers for function 'onnx-roberta-2'"},"target":"iluvatar_load_gen::trace::trace_utils"}
{"timestamp":"2026-01-07 10:38:03.700202688","level":"INFO","fields":{"message":"prewarming Some(1) containers for function 'rodinia-lud-4'"},"target":"iluvatar_load_gen::trace::trace_utils"}
{"timestamp":"2026-01-07 10:38:03.700212235","level":"INFO","fields":{"message":"prewarming Some(1) containers for function 'cupy-4'"},"target":"iluvatar_load_gen::trace::trace_utils"}
{"timestamp":"2026-01-07 10:38:03.700221832","level":"INFO","fields":{"message":"prewarming Some(1) containers for function 'pyhpc-eos-4'"},"target":"iluvatar_load_gen::trace::trace_utils"}
{"timestamp":"2026-01-07 10:38:03.700234015","level":"INFO","fields":{"message":"prewarming Some(1) containers for function 'rodinia-lud-1'"},"target":"iluvatar_load_gen::trace::trace_utils"}
{"timestamp":"2026-01-07 10:38:03.700243738","level":"INFO","fields":{"message":"prewarming Some(1) containers for function 'rodinia-lavamd-1'"},"target":"iluvatar_load_gen::trace::trace_utils"}
{"timestamp":"2026-01-07 10:38:03.700253185","level":"INFO","fields":{"message":"prewarming Some(1) containers for function 'rodinia-pathfinder-1'"},"target":"iluvatar_load_gen::trace::trace_utils"}
{"timestamp":"2026-01-07 10:38:03.700262783","level":"INFO","fields":{"message":"prewarming Some(1) containers for function 'rodinia-needle-4'"},"target":"iluvatar_load_gen::trace::trace_utils"}
{"timestamp":"2026-01-07 10:38:50.633347807","level":"INFO","fields":{"message":"Starting invocations","tid":"LiveWorkerLoad"},"target":"iluvatar_load_gen::trace::worker_trace"}
{"timestamp":"2026-01-07 11:08:49.185186748","level":"INFO","fields":{"message":"Invocations sent, awaiting on thread handles","tid":"LiveWorkerLoad"},"target":"iluvatar_load_gen::trace::worker_trace"}
{"timestamp":"2026-01-07 11:08:50.205995117","level":"INFO","fields":{"message":"Threads closed, writing results to file","tid":"LiveWorkerLoad"},"target":"iluvatar_load_gen::trace::worker_trace"}
