{"timestamp":"2026-01-06 13:56:01.531123138","level":"INFO","fields":{"message":"Logger initialized","tid":"LOAD_GEN_MAIN"},"target":"iluvatar_library::logging"}
{"timestamp":"2026-01-06 13:56:01.539150624","level":"INFO","fields":{"message":"starting live run","tid":"LiveWorkerLoad"},"target":"iluvatar_load_gen::trace::worker_trace"}
{"timestamp":"2026-01-06 13:56:01.540783264","level":"INFO","fields":{"message":"Function mapped to self name in benchmark","tid":"LiveWorkerLoad","function":"rodinia-srad-4","chosen_code":"rodinia-srad"},"target":"iluvatar_load_gen::trace::trace_utils"}
{"timestamp":"2026-01-06 13:56:01.540796775","level":"INFO","fields":{"message":"Function mapped to self name in benchmark","tid":"LiveWorkerLoad","function":"rodinia-lavamd-3","chosen_code":"rodinia-lavamd"},"target":"iluvatar_load_gen::trace::trace_utils"}
{"timestamp":"2026-01-06 13:56:01.540805468","level":"INFO","fields":{"message":"Function mapped to self name in benchmark","tid":"LiveWorkerLoad","function":"rodinia-pathfinder-0","chosen_code":"rodinia-pathfinder"},"target":"iluvatar_load_gen::trace::trace_utils"}
{"timestamp":"2026-01-06 13:56:01.540813711","level":"INFO","fields":{"message":"Function mapped to self name in benchmark","tid":"LiveWorkerLoad","function":"pyhpc-eos-4","chosen_code":"pyhpc-eos"},"target":"iluvatar_load_gen::trace::trace_utils"}
{"timestamp":"2026-01-06 13:56:01.540820426","level":"INFO","fields":{"message":"Function mapped to self name in benchmark","tid":"LiveWorkerLoad","function":"rodinia-srad-2","chosen_code":"rodinia-srad"},"target":"iluvatar_load_gen::trace::trace_utils"}
{"timestamp":"2026-01-06 13:56:01.540824799","level":"INFO","fields":{"message":"Function mapped to self name in benchmark","tid":"LiveWorkerLoad","function":"rodinia-lud-1","chosen_code":"rodinia-lud"},"target":"iluvatar_load_gen::trace::trace_utils"}
{"timestamp":"2026-01-06 13:56:01.540830908","level":"INFO","fields":{"message":"Function mapped to self name in benchmark","tid":"LiveWorkerLoad","function":"rodinia-pathfinder-2","chosen_code":"rodinia-pathfinder"},"target":"iluvatar_load_gen::trace::trace_utils"}
{"timestamp":"2026-01-06 13:56:01.540835812","level":"INFO","fields":{"message":"Function mapped to self name in benchmark","tid":"LiveWorkerLoad","function":"torch_rnn-3","chosen_code":"torch_rnn"},"target":"iluvatar_load_gen::trace::trace_utils"}
{"timestamp":"2026-01-06 13:56:01.540841162","level":"INFO","fields":{"message":"Function mapped to self name in benchmark","tid":"LiveWorkerLoad","function":"imagenet-4","chosen_code":"imagenet"},"target":"iluvatar_load_gen::trace::trace_utils"}
{"timestamp":"2026-01-06 13:56:01.540846723","level":"INFO","fields":{"message":"Function mapped to self name in benchmark","tid":"LiveWorkerLoad","function":"rodinia-myocyte-3","chosen_code":"rodinia-myocyte"},"target":"iluvatar_load_gen::trace::trace_utils"}
{"timestamp":"2026-01-06 13:56:01.540853068","level":"INFO","fields":{"message":"Function mapped to self name in benchmark","tid":"LiveWorkerLoad","function":"rodinia-lavamd-2","chosen_code":"rodinia-lavamd"},"target":"iluvatar_load_gen::trace::trace_utils"}
{"timestamp":"2026-01-06 13:56:01.540857607","level":"INFO","fields":{"message":"Function mapped to self name in benchmark","tid":"LiveWorkerLoad","function":"squeezenet-1","chosen_code":"squeezenet"},"target":"iluvatar_load_gen::trace::trace_utils"}
{"timestamp":"2026-01-06 13:56:01.540863817","level":"INFO","fields":{"message":"Function mapped to self name in benchmark","tid":"LiveWorkerLoad","function":"rodinia-lavamd-0","chosen_code":"rodinia-lavamd"},"target":"iluvatar_load_gen::trace::trace_utils"}
{"timestamp":"2026-01-06 13:56:01.540869534","level":"INFO","fields":{"message":"Function mapped to self name in benchmark","tid":"LiveWorkerLoad","function":"torch_rnn-4","chosen_code":"torch_rnn"},"target":"iluvatar_load_gen::trace::trace_utils"}
{"timestamp":"2026-01-06 13:56:01.540874176","level":"INFO","fields":{"message":"Function mapped to self name in benchmark","tid":"LiveWorkerLoad","function":"imagenet-1","chosen_code":"imagenet"},"target":"iluvatar_load_gen::trace::trace_utils"}
{"timestamp":"2026-01-06 13:56:01.540880743","level":"INFO","fields":{"message":"Function mapped to self name in benchmark","tid":"LiveWorkerLoad","function":"pyhpc-isoneural-0","chosen_code":"pyhpc-isoneural"},"target":"iluvatar_load_gen::trace::trace_utils"}
{"timestamp":"2026-01-06 13:56:01.540888819","level":"INFO","fields":{"message":"Function mapped to self name in benchmark","tid":"LiveWorkerLoad","function":"pyhpc-isoneural-3","chosen_code":"pyhpc-isoneural"},"target":"iluvatar_load_gen::trace::trace_utils"}
{"timestamp":"2026-01-06 13:56:01.540899372","level":"INFO","fields":{"message":"Function mapped to self name in benchmark","tid":"LiveWorkerLoad","function":"rodinia-lud-4","chosen_code":"rodinia-lud"},"target":"iluvatar_load_gen::trace::trace_utils"}
{"timestamp":"2026-01-06 13:56:01.540904562","level":"INFO","fields":{"message":"Function mapped to self name in benchmark","tid":"LiveWorkerLoad","function":"pyhpc-eos-3","chosen_code":"pyhpc-eos"},"target":"iluvatar_load_gen::trace::trace_utils"}
{"timestamp":"2026-01-06 13:56:01.540910324","level":"INFO","fields":{"message":"Function mapped to self name in benchmark","tid":"LiveWorkerLoad","function":"rodinia-srad-0","chosen_code":"rodinia-srad"},"target":"iluvatar_load_gen::trace::trace_utils"}
{"timestamp":"2026-01-06 13:56:01.540915199","level":"INFO","fields":{"message":"Function mapped to self name in benchmark","tid":"LiveWorkerLoad","function":"torch_rnn-2","chosen_code":"torch_rnn"},"target":"iluvatar_load_gen::trace::trace_utils"}
{"timestamp":"2026-01-06 13:56:01.540921172","level":"INFO","fields":{"message":"Function mapped to self name in benchmark","tid":"LiveWorkerLoad","function":"rodinia-lud-3","chosen_code":"rodinia-lud"},"target":"iluvatar_load_gen::trace::trace_utils"}
{"timestamp":"2026-01-06 13:56:01.54092583","level":"INFO","fields":{"message":"Function mapped to self name in benchmark","tid":"LiveWorkerLoad","function":"rodinia-myocyte-2","chosen_code":"rodinia-myocyte"},"target":"iluvatar_load_gen::trace::trace_utils"}
{"timestamp":"2026-01-06 13:56:01.540931751","level":"INFO","fields":{"message":"Function mapped to self name in benchmark","tid":"LiveWorkerLoad","function":"imagenet-2","chosen_code":"imagenet"},"target":"iluvatar_load_gen::trace::trace_utils"}
{"timestamp":"2026-01-06 13:56:01.540938309","level":"INFO","fields":{"message":"Function mapped to self name in benchmark","tid":"LiveWorkerLoad","function":"cupy-2","chosen_code":"cupy"},"target":"iluvatar_load_gen::trace::trace_utils"}
{"timestamp":"2026-01-06 13:56:01.540944527","level":"INFO","fields":{"message":"Function mapped to self name in benchmark","tid":"LiveWorkerLoad","function":"rodinia-lud-0","chosen_code":"rodinia-lud"},"target":"iluvatar_load_gen::trace::trace_utils"}
{"timestamp":"2026-01-06 13:56:01.540949119","level":"INFO","fields":{"message":"Function mapped to self name in benchmark","tid":"LiveWorkerLoad","function":"rodinia-pathfinder-1","chosen_code":"rodinia-pathfinder"},"target":"iluvatar_load_gen::trace::trace_utils"}
{"timestamp":"2026-01-06 13:56:01.540955066","level":"INFO","fields":{"message":"Function mapped to self name in benchmark","tid":"LiveWorkerLoad","function":"cupy-1","chosen_code":"cupy"},"target":"iluvatar_load_gen::trace::trace_utils"}
{"timestamp":"2026-01-06 13:56:01.540959468","level":"INFO","fields":{"message":"Function mapped to self name in benchmark","tid":"LiveWorkerLoad","function":"rodinia-srad-1","chosen_code":"rodinia-srad"},"target":"iluvatar_load_gen::trace::trace_utils"}
{"timestamp":"2026-01-06 13:56:01.540965345","level":"INFO","fields":{"message":"Function mapped to self name in benchmark","tid":"LiveWorkerLoad","function":"pyhpc-isoneural-2","chosen_code":"pyhpc-isoneural"},"target":"iluvatar_load_gen::trace::trace_utils"}
{"timestamp":"2026-01-06 13:56:01.540969953","level":"INFO","fields":{"message":"Function mapped to self name in benchmark","tid":"LiveWorkerLoad","function":"rodinia-needle-2","chosen_code":"rodinia-needle"},"target":"iluvatar_load_gen::trace::trace_utils"}
{"timestamp":"2026-01-06 13:56:01.540976032","level":"INFO","fields":{"message":"Function mapped to self name in benchmark","tid":"LiveWorkerLoad","function":"rodinia-pathfinder-4","chosen_code":"rodinia-pathfinder"},"target":"iluvatar_load_gen::trace::trace_utils"}
{"timestamp":"2026-01-06 13:56:01.540983932","level":"INFO","fields":{"message":"Function mapped to self name in benchmark","tid":"LiveWorkerLoad","function":"onnx-roberta-4","chosen_code":"onnx-roberta"},"target":"iluvatar_load_gen::trace::trace_utils"}
{"timestamp":"2026-01-06 13:56:01.540992689","level":"INFO","fields":{"message":"Function mapped to self name in benchmark","tid":"LiveWorkerLoad","function":"squeezenet-2","chosen_code":"squeezenet"},"target":"iluvatar_load_gen::trace::trace_utils"}
{"timestamp":"2026-01-06 13:56:01.540997713","level":"INFO","fields":{"message":"Function mapped to self name in benchmark","tid":"LiveWorkerLoad","function":"squeezenet-0","chosen_code":"squeezenet"},"target":"iluvatar_load_gen::trace::trace_utils"}
{"timestamp":"2026-01-06 13:56:01.54100338","level":"INFO","fields":{"message":"Function mapped to self name in benchmark","tid":"LiveWorkerLoad","function":"onnx-roberta-1","chosen_code":"onnx-roberta"},"target":"iluvatar_load_gen::trace::trace_utils"}
{"timestamp":"2026-01-06 13:56:01.541008031","level":"INFO","fields":{"message":"Function mapped to self name in benchmark","tid":"LiveWorkerLoad","function":"cupy-0","chosen_code":"cupy"},"target":"iluvatar_load_gen::trace::trace_utils"}
{"timestamp":"2026-01-06 13:56:01.541013842","level":"INFO","fields":{"message":"Function mapped to self name in benchmark","tid":"LiveWorkerLoad","function":"cupy-4","chosen_code":"cupy"},"target":"iluvatar_load_gen::trace::trace_utils"}
{"timestamp":"2026-01-06 13:56:01.541018605","level":"INFO","fields":{"message":"Function mapped to self name in benchmark","tid":"LiveWorkerLoad","function":"imagenet-0","chosen_code":"imagenet"},"target":"iluvatar_load_gen::trace::trace_utils"}
{"timestamp":"2026-01-06 13:56:01.541024426","level":"INFO","fields":{"message":"Function mapped to self name in benchmark","tid":"LiveWorkerLoad","function":"rodinia-lavamd-1","chosen_code":"rodinia-lavamd"},"target":"iluvatar_load_gen::trace::trace_utils"}
{"timestamp":"2026-01-06 13:56:01.541029173","level":"INFO","fields":{"message":"Function mapped to self name in benchmark","tid":"LiveWorkerLoad","function":"rodinia-needle-3","chosen_code":"rodinia-needle"},"target":"iluvatar_load_gen::trace::trace_utils"}
{"timestamp":"2026-01-06 13:56:01.541035022","level":"INFO","fields":{"message":"Function mapped to self name in benchmark","tid":"LiveWorkerLoad","function":"rodinia-needle-1","chosen_code":"rodinia-needle"},"target":"iluvatar_load_gen::trace::trace_utils"}
{"timestamp":"2026-01-06 13:56:01.541039702","level":"INFO","fields":{"message":"Function mapped to self name in benchmark","tid":"LiveWorkerLoad","function":"torch_rnn-0","chosen_code":"torch_rnn"},"target":"iluvatar_load_gen::trace::trace_utils"}
{"timestamp":"2026-01-06 13:56:01.541045515","level":"INFO","fields":{"message":"Function mapped to self name in benchmark","tid":"LiveWorkerLoad","function":"rodinia-needle-0","chosen_code":"rodinia-needle"},"target":"iluvatar_load_gen::trace::trace_utils"}
{"timestamp":"2026-01-06 13:56:01.541052259","level":"INFO","fields":{"message":"Function mapped to self name in benchmark","tid":"LiveWorkerLoad","function":"rodinia-pathfinder-3","chosen_code":"rodinia-pathfinder"},"target":"iluvatar_load_gen::trace::trace_utils"}
{"timestamp":"2026-01-06 13:56:01.54105817","level":"INFO","fields":{"message":"Function mapped to self name in benchmark","tid":"LiveWorkerLoad","function":"rodinia-myocyte-0","chosen_code":"rodinia-myocyte"},"target":"iluvatar_load_gen::trace::trace_utils"}
{"timestamp":"2026-01-06 13:56:01.541062835","level":"INFO","fields":{"message":"Function mapped to self name in benchmark","tid":"LiveWorkerLoad","function":"rodinia-myocyte-1","chosen_code":"rodinia-myocyte"},"target":"iluvatar_load_gen::trace::trace_utils"}
{"timestamp":"2026-01-06 13:56:01.5410686","level":"INFO","fields":{"message":"Function mapped to self name in benchmark","tid":"LiveWorkerLoad","function":"rodinia-lud-2","chosen_code":"rodinia-lud"},"target":"iluvatar_load_gen::trace::trace_utils"}
{"timestamp":"2026-01-06 13:56:01.541075683","level":"INFO","fields":{"message":"Function mapped to self name in benchmark","tid":"LiveWorkerLoad","function":"pyhpc-isoneural-1","chosen_code":"pyhpc-isoneural"},"target":"iluvatar_load_gen::trace::trace_utils"}
{"timestamp":"2026-01-06 13:56:01.541080936","level":"INFO","fields":{"message":"Function mapped to self name in benchmark","tid":"LiveWorkerLoad","function":"pyhpc-isoneural-4","chosen_code":"pyhpc-isoneural"},"target":"iluvatar_load_gen::trace::trace_utils"}
{"timestamp":"2026-01-06 13:56:01.541086625","level":"INFO","fields":{"message":"Function mapped to self name in benchmark","tid":"LiveWorkerLoad","function":"onnx-roberta-0","chosen_code":"onnx-roberta"},"target":"iluvatar_load_gen::trace::trace_utils"}
{"timestamp":"2026-01-06 13:56:01.541092881","level":"INFO","fields":{"message":"Function mapped to self name in benchmark","tid":"LiveWorkerLoad","function":"cupy-3","chosen_code":"cupy"},"target":"iluvatar_load_gen::trace::trace_utils"}
{"timestamp":"2026-01-06 13:56:01.541098356","level":"INFO","fields":{"message":"Function mapped to self name in benchmark","tid":"LiveWorkerLoad","function":"pyhpc-eos-2","chosen_code":"pyhpc-eos"},"target":"iluvatar_load_gen::trace::trace_utils"}
{"timestamp":"2026-01-06 13:56:01.541103359","level":"INFO","fields":{"message":"Function mapped to self name in benchmark","tid":"LiveWorkerLoad","function":"imagenet-3","chosen_code":"imagenet"},"target":"iluvatar_load_gen::trace::trace_utils"}
{"timestamp":"2026-01-06 13:56:01.541109111","level":"INFO","fields":{"message":"Function mapped to self name in benchmark","tid":"LiveWorkerLoad","function":"pyhpc-eos-1","chosen_code":"pyhpc-eos"},"target":"iluvatar_load_gen::trace::trace_utils"}
{"timestamp":"2026-01-06 13:56:01.541113752","level":"INFO","fields":{"message":"Function mapped to self name in benchmark","tid":"LiveWorkerLoad","function":"rodinia-lavamd-4","chosen_code":"rodinia-lavamd"},"target":"iluvatar_load_gen::trace::trace_utils"}
{"timestamp":"2026-01-06 13:56:01.541119515","level":"INFO","fields":{"message":"Function mapped to self name in benchmark","tid":"LiveWorkerLoad","function":"rodinia-srad-3","chosen_code":"rodinia-srad"},"target":"iluvatar_load_gen::trace::trace_utils"}
{"timestamp":"2026-01-06 13:56:01.541124175","level":"INFO","fields":{"message":"Function mapped to self name in benchmark","tid":"LiveWorkerLoad","function":"onnx-roberta-2","chosen_code":"onnx-roberta"},"target":"iluvatar_load_gen::trace::trace_utils"}
{"timestamp":"2026-01-06 13:56:01.541129785","level":"INFO","fields":{"message":"Function mapped to self name in benchmark","tid":"LiveWorkerLoad","function":"rodinia-needle-4","chosen_code":"rodinia-needle"},"target":"iluvatar_load_gen::trace::trace_utils"}
{"timestamp":"2026-01-06 13:56:01.541134516","level":"INFO","fields":{"message":"Function mapped to self name in benchmark","tid":"LiveWorkerLoad","function":"squeezenet-3","chosen_code":"squeezenet"},"target":"iluvatar_load_gen::trace::trace_utils"}
{"timestamp":"2026-01-06 13:56:01.541140223","level":"INFO","fields":{"message":"Function mapped to self name in benchmark","tid":"LiveWorkerLoad","function":"pyhpc-eos-0","chosen_code":"pyhpc-eos"},"target":"iluvatar_load_gen::trace::trace_utils"}
{"timestamp":"2026-01-06 13:56:01.541144812","level":"INFO","fields":{"message":"Function mapped to self name in benchmark","tid":"LiveWorkerLoad","function":"rodinia-myocyte-4","chosen_code":"rodinia-myocyte"},"target":"iluvatar_load_gen::trace::trace_utils"}
{"timestamp":"2026-01-06 13:56:01.541150305","level":"INFO","fields":{"message":"Function mapped to self name in benchmark","tid":"LiveWorkerLoad","function":"onnx-roberta-3","chosen_code":"onnx-roberta"},"target":"iluvatar_load_gen::trace::trace_utils"}
{"timestamp":"2026-01-06 13:56:01.541155102","level":"INFO","fields":{"message":"Function mapped to self name in benchmark","tid":"LiveWorkerLoad","function":"squeezenet-4","chosen_code":"squeezenet"},"target":"iluvatar_load_gen::trace::trace_utils"}
{"timestamp":"2026-01-06 13:56:01.541160743","level":"INFO","fields":{"message":"Function mapped to self name in benchmark","tid":"LiveWorkerLoad","function":"torch_rnn-1","chosen_code":"torch_rnn"},"target":"iluvatar_load_gen::trace::trace_utils"}
{"timestamp":"2026-01-06 13:56:01.541168795","level":"INFO","fields":{"message":"A total of 65 prewarmed containers","tid":"LiveWorkerLoad"},"target":"iluvatar_load_gen::trace::trace_utils"}
{"timestamp":"2026-01-06 13:56:01.610616905","level":"INFO","fields":{"message":"prewarming Some(1) containers for function 'rodinia-srad-4'"},"target":"iluvatar_load_gen::trace::trace_utils"}
{"timestamp":"2026-01-06 13:56:01.6107255","level":"INFO","fields":{"message":"prewarming Some(1) containers for function 'rodinia-lavamd-3'"},"target":"iluvatar_load_gen::trace::trace_utils"}
{"timestamp":"2026-01-06 13:56:01.610772367","level":"INFO","fields":{"message":"prewarming Some(1) containers for function 'rodinia-pathfinder-0'"},"target":"iluvatar_load_gen::trace::trace_utils"}
{"timestamp":"2026-01-06 13:56:01.610845613","level":"INFO","fields":{"message":"prewarming Some(1) containers for function 'pyhpc-eos-4'"},"target":"iluvatar_load_gen::trace::trace_utils"}
{"timestamp":"2026-01-06 13:56:01.610857645","level":"INFO","fields":{"message":"prewarming Some(1) containers for function 'rodinia-srad-2'"},"target":"iluvatar_load_gen::trace::trace_utils"}
{"timestamp":"2026-01-06 13:56:01.610881242","level":"INFO","fields":{"message":"prewarming Some(1) containers for function 'rodinia-lud-1'"},"target":"iluvatar_load_gen::trace::trace_utils"}
{"timestamp":"2026-01-06 13:56:01.610899426","level":"INFO","fields":{"message":"prewarming Some(1) containers for function 'rodinia-pathfinder-2'"},"target":"iluvatar_load_gen::trace::trace_utils"}
{"timestamp":"2026-01-06 13:56:01.610912692","level":"INFO","fields":{"message":"prewarming Some(1) containers for function 'torch_rnn-3'"},"target":"iluvatar_load_gen::trace::trace_utils"}
{"timestamp":"2026-01-06 13:56:01.610921951","level":"INFO","fields":{"message":"prewarming Some(1) containers for function 'imagenet-4'"},"target":"iluvatar_load_gen::trace::trace_utils"}
{"timestamp":"2026-01-06 13:56:01.610930986","level":"INFO","fields":{"message":"prewarming Some(1) containers for function 'rodinia-myocyte-3'"},"target":"iluvatar_load_gen::trace::trace_utils"}
{"timestamp":"2026-01-06 13:56:01.610940226","level":"INFO","fields":{"message":"prewarming Some(1) containers for function 'rodinia-lavamd-2'"},"target":"iluvatar_load_gen::trace::trace_utils"}
{"timestamp":"2026-01-06 13:56:01.610949558","level":"INFO","fields":{"message":"prewarming Some(1) containers for function 'squeezenet-1'"},"target":"iluvatar_load_gen::trace::trace_utils"}
{"timestamp":"2026-01-06 13:56:01.610958934","level":"INFO","fields":{"message":"prewarming Some(1) containers for function 'rodinia-lavamd-0'"},"target":"iluvatar_load_gen::trace::trace_utils"}
{"timestamp":"2026-01-06 13:56:01.610964349","level":"INFO","fields":{"message":"prewarming Some(1) containers for function 'torch_rnn-4'"},"target":"iluvatar_load_gen::trace::trace_utils"}
{"timestamp":"2026-01-06 13:56:01.610976443","level":"INFO","fields":{"message":"prewarming Some(1) containers for function 'imagenet-1'"},"target":"iluvatar_load_gen::trace::trace_utils"}
{"timestamp":"2026-01-06 13:56:01.610990187","level":"INFO","fields":{"message":"prewarming Some(1) containers for function 'pyhpc-isoneural-0'"},"target":"iluvatar_load_gen::trace::trace_utils"}
{"timestamp":"2026-01-06 13:56:01.610998484","level":"INFO","fields":{"message":"prewarming Some(1) containers for function 'pyhpc-isoneural-3'"},"target":"iluvatar_load_gen::trace::trace_utils"}
{"timestamp":"2026-01-06 13:56:01.611443774","level":"INFO","fields":{"message":"prewarming Some(1) containers for function 'rodinia-lud-4'"},"target":"iluvatar_load_gen::trace::trace_utils"}
{"timestamp":"2026-01-06 13:56:01.611456254","level":"INFO","fields":{"message":"prewarming Some(1) containers for function 'pyhpc-eos-3'"},"target":"iluvatar_load_gen::trace::trace_utils"}
{"timestamp":"2026-01-06 13:56:01.611470616","level":"INFO","fields":{"message":"prewarming Some(1) containers for function 'rodinia-srad-0'"},"target":"iluvatar_load_gen::trace::trace_utils"}
{"timestamp":"2026-01-06 13:56:01.611479582","level":"INFO","fields":{"message":"prewarming Some(1) containers for function 'torch_rnn-2'"},"target":"iluvatar_load_gen::trace::trace_utils"}
{"timestamp":"2026-01-06 13:56:01.611489127","level":"INFO","fields":{"message":"prewarming Some(1) containers for function 'rodinia-lud-3'"},"target":"iluvatar_load_gen::trace::trace_utils"}
{"timestamp":"2026-01-06 13:56:01.611497835","level":"INFO","fields":{"message":"prewarming Some(1) containers for function 'rodinia-myocyte-2'"},"target":"iluvatar_load_gen::trace::trace_utils"}
{"timestamp":"2026-01-06 13:56:01.611505743","level":"INFO","fields":{"message":"prewarming Some(1) containers for function 'imagenet-2'"},"target":"iluvatar_load_gen::trace::trace_utils"}
{"timestamp":"2026-01-06 13:56:01.611514394","level":"INFO","fields":{"message":"prewarming Some(1) containers for function 'cupy-2'"},"target":"iluvatar_load_gen::trace::trace_utils"}
{"timestamp":"2026-01-06 13:56:01.611524027","level":"INFO","fields":{"message":"prewarming Some(1) containers for function 'rodinia-lud-0'"},"target":"iluvatar_load_gen::trace::trace_utils"}
{"timestamp":"2026-01-06 13:56:01.611534973","level":"INFO","fields":{"message":"prewarming Some(1) containers for function 'rodinia-pathfinder-1'"},"target":"iluvatar_load_gen::trace::trace_utils"}
{"timestamp":"2026-01-06 13:56:01.611543167","level":"INFO","fields":{"message":"prewarming Some(1) containers for function 'cupy-1'"},"target":"iluvatar_load_gen::trace::trace_utils"}
{"timestamp":"2026-01-06 13:56:01.611553669","level":"INFO","fields":{"message":"prewarming Some(1) containers for function 'rodinia-srad-1'"},"target":"iluvatar_load_gen::trace::trace_utils"}
{"timestamp":"2026-01-06 13:56:01.611562707","level":"INFO","fields":{"message":"prewarming Some(1) containers for function 'pyhpc-isoneural-2'"},"target":"iluvatar_load_gen::trace::trace_utils"}
{"timestamp":"2026-01-06 13:56:01.6115709","level":"INFO","fields":{"message":"prewarming Some(1) containers for function 'rodinia-needle-2'"},"target":"iluvatar_load_gen::trace::trace_utils"}
{"timestamp":"2026-01-06 13:56:01.611579882","level":"INFO","fields":{"message":"prewarming Some(1) containers for function 'rodinia-pathfinder-4'"},"target":"iluvatar_load_gen::trace::trace_utils"}
{"timestamp":"2026-01-06 13:56:01.611590235","level":"INFO","fields":{"message":"prewarming Some(1) containers for function 'onnx-roberta-4'"},"target":"iluvatar_load_gen::trace::trace_utils"}
{"timestamp":"2026-01-06 13:56:01.611622518","level":"INFO","fields":{"message":"prewarming Some(1) containers for function 'squeezenet-2'"},"target":"iluvatar_load_gen::trace::trace_utils"}
{"timestamp":"2026-01-06 13:56:01.611638288","level":"INFO","fields":{"message":"prewarming Some(1) containers for function 'squeezenet-0'"},"target":"iluvatar_load_gen::trace::trace_utils"}
{"timestamp":"2026-01-06 13:56:01.611649816","level":"INFO","fields":{"message":"prewarming Some(1) containers for function 'onnx-roberta-1'"},"target":"iluvatar_load_gen::trace::trace_utils"}
{"timestamp":"2026-01-06 13:56:01.611659093","level":"INFO","fields":{"message":"prewarming Some(1) containers for function 'cupy-0'"},"target":"iluvatar_load_gen::trace::trace_utils"}
{"timestamp":"2026-01-06 13:56:01.611668553","level":"INFO","fields":{"message":"prewarming Some(1) containers for function 'cupy-4'"},"target":"iluvatar_load_gen::trace::trace_utils"}
{"timestamp":"2026-01-06 13:56:01.611677677","level":"INFO","fields":{"message":"prewarming Some(1) containers for function 'imagenet-0'"},"target":"iluvatar_load_gen::trace::trace_utils"}
{"timestamp":"2026-01-06 13:56:01.611688104","level":"INFO","fields":{"message":"prewarming Some(1) containers for function 'rodinia-lavamd-1'"},"target":"iluvatar_load_gen::trace::trace_utils"}
{"timestamp":"2026-01-06 13:56:01.61170084","level":"INFO","fields":{"message":"prewarming Some(1) containers for function 'rodinia-needle-3'"},"target":"iluvatar_load_gen::trace::trace_utils"}
{"timestamp":"2026-01-06 13:56:01.611712375","level":"INFO","fields":{"message":"prewarming Some(1) containers for function 'rodinia-needle-1'"},"target":"iluvatar_load_gen::trace::trace_utils"}
{"timestamp":"2026-01-06 13:56:01.611720509","level":"INFO","fields":{"message":"prewarming Some(1) containers for function 'torch_rnn-0'"},"target":"iluvatar_load_gen::trace::trace_utils"}
{"timestamp":"2026-01-06 13:56:01.611731296","level":"INFO","fields":{"message":"prewarming Some(1) containers for function 'rodinia-needle-0'"},"target":"iluvatar_load_gen::trace::trace_utils"}
{"timestamp":"2026-01-06 13:56:01.611739673","level":"INFO","fields":{"message":"prewarming Some(1) containers for function 'rodinia-pathfinder-3'"},"target":"iluvatar_load_gen::trace::trace_utils"}
{"timestamp":"2026-01-06 13:56:01.611748239","level":"INFO","fields":{"message":"prewarming Some(1) containers for function 'rodinia-myocyte-0'"},"target":"iluvatar_load_gen::trace::trace_utils"}
{"timestamp":"2026-01-06 13:56:01.611760354","level":"INFO","fields":{"message":"prewarming Some(1) containers for function 'rodinia-myocyte-1'"},"target":"iluvatar_load_gen::trace::trace_utils"}
{"timestamp":"2026-01-06 13:56:01.611768654","level":"INFO","fields":{"message":"prewarming Some(1) containers for function 'rodinia-lud-2'"},"target":"iluvatar_load_gen::trace::trace_utils"}
{"timestamp":"2026-01-06 13:56:01.611776915","level":"INFO","fields":{"message":"prewarming Some(1) containers for function 'pyhpc-isoneural-1'"},"target":"iluvatar_load_gen::trace::trace_utils"}
{"timestamp":"2026-01-06 13:56:01.611785338","level":"INFO","fields":{"message":"prewarming Some(1) containers for function 'pyhpc-isoneural-4'"},"target":"iluvatar_load_gen::trace::trace_utils"}
{"timestamp":"2026-01-06 13:56:01.61179483","level":"INFO","fields":{"message":"prewarming Some(1) containers for function 'onnx-roberta-0'"},"target":"iluvatar_load_gen::trace::trace_utils"}
{"timestamp":"2026-01-06 13:56:01.611804195","level":"INFO","fields":{"message":"prewarming Some(1) containers for function 'cupy-3'"},"target":"iluvatar_load_gen::trace::trace_utils"}
{"timestamp":"2026-01-06 13:56:01.611813884","level":"INFO","fields":{"message":"prewarming Some(1) containers for function 'pyhpc-eos-2'"},"target":"iluvatar_load_gen::trace::trace_utils"}
{"timestamp":"2026-01-06 13:56:01.611823125","level":"INFO","fields":{"message":"prewarming Some(1) containers for function 'imagenet-3'"},"target":"iluvatar_load_gen::trace::trace_utils"}
{"timestamp":"2026-01-06 13:56:01.61183219","level":"INFO","fields":{"message":"prewarming Some(1) containers for function 'pyhpc-eos-1'"},"target":"iluvatar_load_gen::trace::trace_utils"}
{"timestamp":"2026-01-06 13:56:01.611841559","level":"INFO","fields":{"message":"prewarming Some(1) containers for function 'rodinia-lavamd-4'"},"target":"iluvatar_load_gen::trace::trace_utils"}
{"timestamp":"2026-01-06 13:56:01.611850365","level":"INFO","fields":{"message":"prewarming Some(1) containers for function 'rodinia-srad-3'"},"target":"iluvatar_load_gen::trace::trace_utils"}
{"timestamp":"2026-01-06 13:56:01.611860075","level":"INFO","fields":{"message":"prewarming Some(1) containers for function 'onnx-roberta-2'"},"target":"iluvatar_load_gen::trace::trace_utils"}
{"timestamp":"2026-01-06 13:56:01.611872846","level":"INFO","fields":{"message":"prewarming Some(1) containers for function 'rodinia-needle-4'"},"target":"iluvatar_load_gen::trace::trace_utils"}
{"timestamp":"2026-01-06 13:56:01.611881811","level":"INFO","fields":{"message":"prewarming Some(1) containers for function 'squeezenet-3'"},"target":"iluvatar_load_gen::trace::trace_utils"}
{"timestamp":"2026-01-06 13:56:01.611890651","level":"INFO","fields":{"message":"prewarming Some(1) containers for function 'pyhpc-eos-0'"},"target":"iluvatar_load_gen::trace::trace_utils"}
{"timestamp":"2026-01-06 13:56:01.611901394","level":"INFO","fields":{"message":"prewarming Some(1) containers for function 'rodinia-myocyte-4'"},"target":"iluvatar_load_gen::trace::trace_utils"}
{"timestamp":"2026-01-06 13:56:01.611913055","level":"INFO","fields":{"message":"prewarming Some(1) containers for function 'onnx-roberta-3'"},"target":"iluvatar_load_gen::trace::trace_utils"}
{"timestamp":"2026-01-06 13:56:01.611921775","level":"INFO","fields":{"message":"prewarming Some(1) containers for function 'squeezenet-4'"},"target":"iluvatar_load_gen::trace::trace_utils"}
{"timestamp":"2026-01-06 13:56:01.611930638","level":"INFO","fields":{"message":"prewarming Some(1) containers for function 'torch_rnn-1'"},"target":"iluvatar_load_gen::trace::trace_utils"}
{"timestamp":"2026-01-06 13:56:49.574362276","level":"INFO","fields":{"message":"Starting invocations","tid":"LiveWorkerLoad"},"target":"iluvatar_load_gen::trace::worker_trace"}
{"timestamp":"2026-01-06 14:26:49.554640554","level":"INFO","fields":{"message":"Invocations sent, awaiting on thread handles","tid":"LiveWorkerLoad"},"target":"iluvatar_load_gen::trace::worker_trace"}
{"timestamp":"2026-01-06 14:26:51.044961129","level":"INFO","fields":{"message":"Threads closed, writing results to file","tid":"LiveWorkerLoad"},"target":"iluvatar_load_gen::trace::worker_trace"}
