{"timestamp":"2026-01-10 10:57:15.917087352","level":"INFO","fields":{"message":"Logger initialized","tid":"LOAD_GEN_MAIN"},"target":"iluvatar_library::logging"}
{"timestamp":"2026-01-10 10:57:15.924940927","level":"INFO","fields":{"message":"starting live run","tid":"LiveWorkerLoad"},"target":"iluvatar_load_gen::trace::worker_trace"}
{"timestamp":"2026-01-10 10:57:15.926234156","level":"INFO","fields":{"message":"Function mapped to self name in benchmark","tid":"LiveWorkerLoad","function":"imagenet-2","chosen_code":"imagenet"},"target":"iluvatar_load_gen::trace::trace_utils"}
{"timestamp":"2026-01-10 10:57:15.926255712","level":"INFO","fields":{"message":"Function mapped to self name in benchmark","tid":"LiveWorkerLoad","function":"rodinia-myocyte-2","chosen_code":"rodinia-myocyte"},"target":"iluvatar_load_gen::trace::trace_utils"}
{"timestamp":"2026-01-10 10:57:15.926261582","level":"INFO","fields":{"message":"Function mapped to self name in benchmark","tid":"LiveWorkerLoad","function":"rodinia-lavamd-0","chosen_code":"rodinia-lavamd"},"target":"iluvatar_load_gen::trace::trace_utils"}
{"timestamp":"2026-01-10 10:57:15.92626614","level":"INFO","fields":{"message":"Function mapped to self name in benchmark","tid":"LiveWorkerLoad","function":"torch_rnn-4","chosen_code":"torch_rnn"},"target":"iluvatar_load_gen::trace::trace_utils"}
{"timestamp":"2026-01-10 10:57:15.926271053","level":"INFO","fields":{"message":"Function mapped to self name in benchmark","tid":"LiveWorkerLoad","function":"pyhpc-isoneural-3","chosen_code":"pyhpc-isoneural"},"target":"iluvatar_load_gen::trace::trace_utils"}
{"timestamp":"2026-01-10 10:57:15.926275357","level":"INFO","fields":{"message":"Function mapped to self name in benchmark","tid":"LiveWorkerLoad","function":"imagenet-4","chosen_code":"imagenet"},"target":"iluvatar_load_gen::trace::trace_utils"}
{"timestamp":"2026-01-10 10:57:15.926279326","level":"INFO","fields":{"message":"Function mapped to self name in benchmark","tid":"LiveWorkerLoad","function":"onnx-roberta-1","chosen_code":"onnx-roberta"},"target":"iluvatar_load_gen::trace::trace_utils"}
{"timestamp":"2026-01-10 10:57:15.926283657","level":"INFO","fields":{"message":"Function mapped to self name in benchmark","tid":"LiveWorkerLoad","function":"pyhpc-eos-1","chosen_code":"pyhpc-eos"},"target":"iluvatar_load_gen::trace::trace_utils"}
{"timestamp":"2026-01-10 10:57:15.926288238","level":"INFO","fields":{"message":"Function mapped to self name in benchmark","tid":"LiveWorkerLoad","function":"squeezenet-1","chosen_code":"squeezenet"},"target":"iluvatar_load_gen::trace::trace_utils"}
{"timestamp":"2026-01-10 10:57:15.926292692","level":"INFO","fields":{"message":"Function mapped to self name in benchmark","tid":"LiveWorkerLoad","function":"pyhpc-isoneural-0","chosen_code":"pyhpc-isoneural"},"target":"iluvatar_load_gen::trace::trace_utils"}
{"timestamp":"2026-01-10 10:57:15.926296896","level":"INFO","fields":{"message":"Function mapped to self name in benchmark","tid":"LiveWorkerLoad","function":"rodinia-pathfinder-3","chosen_code":"rodinia-pathfinder"},"target":"iluvatar_load_gen::trace::trace_utils"}
{"timestamp":"2026-01-10 10:57:15.926300895","level":"INFO","fields":{"message":"Function mapped to self name in benchmark","tid":"LiveWorkerLoad","function":"rodinia-lavamd-3","chosen_code":"rodinia-lavamd"},"target":"iluvatar_load_gen::trace::trace_utils"}
{"timestamp":"2026-01-10 10:57:15.926305203","level":"INFO","fields":{"message":"Function mapped to self name in benchmark","tid":"LiveWorkerLoad","function":"cupy-0","chosen_code":"cupy"},"target":"iluvatar_load_gen::trace::trace_utils"}
{"timestamp":"2026-01-10 10:57:15.926309409","level":"INFO","fields":{"message":"Function mapped to self name in benchmark","tid":"LiveWorkerLoad","function":"pyhpc-eos-0","chosen_code":"pyhpc-eos"},"target":"iluvatar_load_gen::trace::trace_utils"}
{"timestamp":"2026-01-10 10:57:15.92631346","level":"INFO","fields":{"message":"Function mapped to self name in benchmark","tid":"LiveWorkerLoad","function":"cupy-4","chosen_code":"cupy"},"target":"iluvatar_load_gen::trace::trace_utils"}
{"timestamp":"2026-01-10 10:57:15.926317557","level":"INFO","fields":{"message":"Function mapped to self name in benchmark","tid":"LiveWorkerLoad","function":"rodinia-myocyte-3","chosen_code":"rodinia-myocyte"},"target":"iluvatar_load_gen::trace::trace_utils"}
{"timestamp":"2026-01-10 10:57:15.926321589","level":"INFO","fields":{"message":"Function mapped to self name in benchmark","tid":"LiveWorkerLoad","function":"torch_rnn-1","chosen_code":"torch_rnn"},"target":"iluvatar_load_gen::trace::trace_utils"}
{"timestamp":"2026-01-10 10:57:15.926325472","level":"INFO","fields":{"message":"Function mapped to self name in benchmark","tid":"LiveWorkerLoad","function":"rodinia-needle-4","chosen_code":"rodinia-needle"},"target":"iluvatar_load_gen::trace::trace_utils"}
{"timestamp":"2026-01-10 10:57:15.926329618","level":"INFO","fields":{"message":"Function mapped to self name in benchmark","tid":"LiveWorkerLoad","function":"rodinia-lavamd-2","chosen_code":"rodinia-lavamd"},"target":"iluvatar_load_gen::trace::trace_utils"}
{"timestamp":"2026-01-10 10:57:15.926333453","level":"INFO","fields":{"message":"Function mapped to self name in benchmark","tid":"LiveWorkerLoad","function":"pyhpc-eos-4","chosen_code":"pyhpc-eos"},"target":"iluvatar_load_gen::trace::trace_utils"}
{"timestamp":"2026-01-10 10:57:15.926337366","level":"INFO","fields":{"message":"Function mapped to self name in benchmark","tid":"LiveWorkerLoad","function":"torch_rnn-0","chosen_code":"torch_rnn"},"target":"iluvatar_load_gen::trace::trace_utils"}
{"timestamp":"2026-01-10 10:57:15.926341286","level":"INFO","fields":{"message":"Function mapped to self name in benchmark","tid":"LiveWorkerLoad","function":"torch_rnn-3","chosen_code":"torch_rnn"},"target":"iluvatar_load_gen::trace::trace_utils"}
{"timestamp":"2026-01-10 10:57:15.926345297","level":"INFO","fields":{"message":"Function mapped to self name in benchmark","tid":"LiveWorkerLoad","function":"onnx-roberta-3","chosen_code":"onnx-roberta"},"target":"iluvatar_load_gen::trace::trace_utils"}
{"timestamp":"2026-01-10 10:57:15.926349236","level":"INFO","fields":{"message":"Function mapped to self name in benchmark","tid":"LiveWorkerLoad","function":"rodinia-needle-2","chosen_code":"rodinia-needle"},"target":"iluvatar_load_gen::trace::trace_utils"}
{"timestamp":"2026-01-10 10:57:15.926353972","level":"INFO","fields":{"message":"Function mapped to self name in benchmark","tid":"LiveWorkerLoad","function":"pyhpc-isoneural-4","chosen_code":"pyhpc-isoneural"},"target":"iluvatar_load_gen::trace::trace_utils"}
{"timestamp":"2026-01-10 10:57:15.926358508","level":"INFO","fields":{"message":"Function mapped to self name in benchmark","tid":"LiveWorkerLoad","function":"cupy-3","chosen_code":"cupy"},"target":"iluvatar_load_gen::trace::trace_utils"}
{"timestamp":"2026-01-10 10:57:15.926362386","level":"INFO","fields":{"message":"Function mapped to self name in benchmark","tid":"LiveWorkerLoad","function":"onnx-roberta-0","chosen_code":"onnx-roberta"},"target":"iluvatar_load_gen::trace::trace_utils"}
{"timestamp":"2026-01-10 10:57:15.92636628","level":"INFO","fields":{"message":"Function mapped to self name in benchmark","tid":"LiveWorkerLoad","function":"pyhpc-eos-2","chosen_code":"pyhpc-eos"},"target":"iluvatar_load_gen::trace::trace_utils"}
{"timestamp":"2026-01-10 10:57:15.926370145","level":"INFO","fields":{"message":"Function mapped to self name in benchmark","tid":"LiveWorkerLoad","function":"imagenet-0","chosen_code":"imagenet"},"target":"iluvatar_load_gen::trace::trace_utils"}
{"timestamp":"2026-01-10 10:57:15.926374237","level":"INFO","fields":{"message":"Function mapped to self name in benchmark","tid":"LiveWorkerLoad","function":"rodinia-pathfinder-1","chosen_code":"rodinia-pathfinder"},"target":"iluvatar_load_gen::trace::trace_utils"}
{"timestamp":"2026-01-10 10:57:15.926382787","level":"INFO","fields":{"message":"Function mapped to self name in benchmark","tid":"LiveWorkerLoad","function":"rodinia-lud-2","chosen_code":"rodinia-lud"},"target":"iluvatar_load_gen::trace::trace_utils"}
{"timestamp":"2026-01-10 10:57:15.926389101","level":"INFO","fields":{"message":"Function mapped to self name in benchmark","tid":"LiveWorkerLoad","function":"rodinia-myocyte-4","chosen_code":"rodinia-myocyte"},"target":"iluvatar_load_gen::trace::trace_utils"}
{"timestamp":"2026-01-10 10:57:15.926397196","level":"INFO","fields":{"message":"Function mapped to self name in benchmark","tid":"LiveWorkerLoad","function":"rodinia-pathfinder-4","chosen_code":"rodinia-pathfinder"},"target":"iluvatar_load_gen::trace::trace_utils"}
{"timestamp":"2026-01-10 10:57:15.926402225","level":"INFO","fields":{"message":"Function mapped to self name in benchmark","tid":"LiveWorkerLoad","function":"rodinia-srad-0","chosen_code":"rodinia-srad"},"target":"iluvatar_load_gen::trace::trace_utils"}
{"timestamp":"2026-01-10 10:57:15.926407091","level":"INFO","fields":{"message":"Function mapped to self name in benchmark","tid":"LiveWorkerLoad","function":"rodinia-lud-0","chosen_code":"rodinia-lud"},"target":"iluvatar_load_gen::trace::trace_utils"}
{"timestamp":"2026-01-10 10:57:15.92641479","level":"INFO","fields":{"message":"Function mapped to self name in benchmark","tid":"LiveWorkerLoad","function":"rodinia-needle-3","chosen_code":"rodinia-needle"},"target":"iluvatar_load_gen::trace::trace_utils"}
{"timestamp":"2026-01-10 10:57:15.926423414","level":"INFO","fields":{"message":"Function mapped to self name in benchmark","tid":"LiveWorkerLoad","function":"rodinia-lud-3","chosen_code":"rodinia-lud"},"target":"iluvatar_load_gen::trace::trace_utils"}
{"timestamp":"2026-01-10 10:57:15.926430758","level":"INFO","fields":{"message":"Function mapped to self name in benchmark","tid":"LiveWorkerLoad","function":"pyhpc-isoneural-1","chosen_code":"pyhpc-isoneural"},"target":"iluvatar_load_gen::trace::trace_utils"}
{"timestamp":"2026-01-10 10:57:15.926435131","level":"INFO","fields":{"message":"Function mapped to self name in benchmark","tid":"LiveWorkerLoad","function":"imagenet-1","chosen_code":"imagenet"},"target":"iluvatar_load_gen::trace::trace_utils"}
{"timestamp":"2026-01-10 10:57:15.926442952","level":"INFO","fields":{"message":"Function mapped to self name in benchmark","tid":"LiveWorkerLoad","function":"rodinia-srad-2","chosen_code":"rodinia-srad"},"target":"iluvatar_load_gen::trace::trace_utils"}
{"timestamp":"2026-01-10 10:57:15.926447417","level":"INFO","fields":{"message":"Function mapped to self name in benchmark","tid":"LiveWorkerLoad","function":"cupy-1","chosen_code":"cupy"},"target":"iluvatar_load_gen::trace::trace_utils"}
{"timestamp":"2026-01-10 10:57:15.926455695","level":"INFO","fields":{"message":"Function mapped to self name in benchmark","tid":"LiveWorkerLoad","function":"onnx-roberta-2","chosen_code":"onnx-roberta"},"target":"iluvatar_load_gen::trace::trace_utils"}
{"timestamp":"2026-01-10 10:57:15.926460268","level":"INFO","fields":{"message":"Function mapped to self name in benchmark","tid":"LiveWorkerLoad","function":"cupy-2","chosen_code":"cupy"},"target":"iluvatar_load_gen::trace::trace_utils"}
{"timestamp":"2026-01-10 10:57:15.92646798","level":"INFO","fields":{"message":"Function mapped to self name in benchmark","tid":"LiveWorkerLoad","function":"rodinia-lavamd-4","chosen_code":"rodinia-lavamd"},"target":"iluvatar_load_gen::trace::trace_utils"}
{"timestamp":"2026-01-10 10:57:15.926474344","level":"INFO","fields":{"message":"Function mapped to self name in benchmark","tid":"LiveWorkerLoad","function":"squeezenet-2","chosen_code":"squeezenet"},"target":"iluvatar_load_gen::trace::trace_utils"}
{"timestamp":"2026-01-10 10:57:15.926481321","level":"INFO","fields":{"message":"Function mapped to self name in benchmark","tid":"LiveWorkerLoad","function":"squeezenet-0","chosen_code":"squeezenet"},"target":"iluvatar_load_gen::trace::trace_utils"}
{"timestamp":"2026-01-10 10:57:15.926487441","level":"INFO","fields":{"message":"Function mapped to self name in benchmark","tid":"LiveWorkerLoad","function":"rodinia-myocyte-1","chosen_code":"rodinia-myocyte"},"target":"iluvatar_load_gen::trace::trace_utils"}
{"timestamp":"2026-01-10 10:57:15.926492139","level":"INFO","fields":{"message":"Function mapped to self name in benchmark","tid":"LiveWorkerLoad","function":"onnx-roberta-4","chosen_code":"onnx-roberta"},"target":"iluvatar_load_gen::trace::trace_utils"}
{"timestamp":"2026-01-10 10:57:15.926496549","level":"INFO","fields":{"message":"Function mapped to self name in benchmark","tid":"LiveWorkerLoad","function":"rodinia-srad-3","chosen_code":"rodinia-srad"},"target":"iluvatar_load_gen::trace::trace_utils"}
{"timestamp":"2026-01-10 10:57:15.926504381","level":"INFO","fields":{"message":"Function mapped to self name in benchmark","tid":"LiveWorkerLoad","function":"squeezenet-3","chosen_code":"squeezenet"},"target":"iluvatar_load_gen::trace::trace_utils"}
{"timestamp":"2026-01-10 10:57:15.92650874","level":"INFO","fields":{"message":"Function mapped to self name in benchmark","tid":"LiveWorkerLoad","function":"rodinia-needle-1","chosen_code":"rodinia-needle"},"target":"iluvatar_load_gen::trace::trace_utils"}
{"timestamp":"2026-01-10 10:57:15.926513008","level":"INFO","fields":{"message":"Function mapped to self name in benchmark","tid":"LiveWorkerLoad","function":"imagenet-3","chosen_code":"imagenet"},"target":"iluvatar_load_gen::trace::trace_utils"}
{"timestamp":"2026-01-10 10:57:15.92652001","level":"INFO","fields":{"message":"Function mapped to self name in benchmark","tid":"LiveWorkerLoad","function":"rodinia-srad-1","chosen_code":"rodinia-srad"},"target":"iluvatar_load_gen::trace::trace_utils"}
{"timestamp":"2026-01-10 10:57:15.926527343","level":"INFO","fields":{"message":"Function mapped to self name in benchmark","tid":"LiveWorkerLoad","function":"rodinia-lud-1","chosen_code":"rodinia-lud"},"target":"iluvatar_load_gen::trace::trace_utils"}
{"timestamp":"2026-01-10 10:57:15.926534173","level":"INFO","fields":{"message":"Function mapped to self name in benchmark","tid":"LiveWorkerLoad","function":"squeezenet-4","chosen_code":"squeezenet"},"target":"iluvatar_load_gen::trace::trace_utils"}
{"timestamp":"2026-01-10 10:57:15.926552226","level":"INFO","fields":{"message":"Function mapped to self name in benchmark","tid":"LiveWorkerLoad","function":"rodinia-pathfinder-2","chosen_code":"rodinia-pathfinder"},"target":"iluvatar_load_gen::trace::trace_utils"}
{"timestamp":"2026-01-10 10:57:15.926556457","level":"INFO","fields":{"message":"Function mapped to self name in benchmark","tid":"LiveWorkerLoad","function":"torch_rnn-2","chosen_code":"torch_rnn"},"target":"iluvatar_load_gen::trace::trace_utils"}
{"timestamp":"2026-01-10 10:57:15.926561242","level":"INFO","fields":{"message":"Function mapped to self name in benchmark","tid":"LiveWorkerLoad","function":"rodinia-pathfinder-0","chosen_code":"rodinia-pathfinder"},"target":"iluvatar_load_gen::trace::trace_utils"}
{"timestamp":"2026-01-10 10:57:15.926565263","level":"INFO","fields":{"message":"Function mapped to self name in benchmark","tid":"LiveWorkerLoad","function":"pyhpc-eos-3","chosen_code":"pyhpc-eos"},"target":"iluvatar_load_gen::trace::trace_utils"}
{"timestamp":"2026-01-10 10:57:15.926569143","level":"INFO","fields":{"message":"Function mapped to self name in benchmark","tid":"LiveWorkerLoad","function":"rodinia-needle-0","chosen_code":"rodinia-needle"},"target":"iluvatar_load_gen::trace::trace_utils"}
{"timestamp":"2026-01-10 10:57:15.926573652","level":"INFO","fields":{"message":"Function mapped to self name in benchmark","tid":"LiveWorkerLoad","function":"rodinia-myocyte-0","chosen_code":"rodinia-myocyte"},"target":"iluvatar_load_gen::trace::trace_utils"}
{"timestamp":"2026-01-10 10:57:15.926581244","level":"INFO","fields":{"message":"Function mapped to self name in benchmark","tid":"LiveWorkerLoad","function":"rodinia-lavamd-1","chosen_code":"rodinia-lavamd"},"target":"iluvatar_load_gen::trace::trace_utils"}
{"timestamp":"2026-01-10 10:57:15.926587585","level":"INFO","fields":{"message":"Function mapped to self name in benchmark","tid":"LiveWorkerLoad","function":"pyhpc-isoneural-2","chosen_code":"pyhpc-isoneural"},"target":"iluvatar_load_gen::trace::trace_utils"}
{"timestamp":"2026-01-10 10:57:15.9265951","level":"INFO","fields":{"message":"Function mapped to self name in benchmark","tid":"LiveWorkerLoad","function":"rodinia-srad-4","chosen_code":"rodinia-srad"},"target":"iluvatar_load_gen::trace::trace_utils"}
{"timestamp":"2026-01-10 10:57:15.926599718","level":"INFO","fields":{"message":"Function mapped to self name in benchmark","tid":"LiveWorkerLoad","function":"rodinia-lud-4","chosen_code":"rodinia-lud"},"target":"iluvatar_load_gen::trace::trace_utils"}
{"timestamp":"2026-01-10 10:57:15.926608019","level":"INFO","fields":{"message":"A total of 65 prewarmed containers","tid":"LiveWorkerLoad"},"target":"iluvatar_load_gen::trace::trace_utils"}
{"timestamp":"2026-01-10 10:57:15.987421592","level":"INFO","fields":{"message":"prewarming Some(1) containers for function 'imagenet-2'"},"target":"iluvatar_load_gen::trace::trace_utils"}
{"timestamp":"2026-01-10 10:57:15.987530025","level":"INFO","fields":{"message":"prewarming Some(1) containers for function 'rodinia-myocyte-2'"},"target":"iluvatar_load_gen::trace::trace_utils"}
{"timestamp":"2026-01-10 10:57:15.987553666","level":"INFO","fields":{"message":"prewarming Some(1) containers for function 'rodinia-lavamd-0'"},"target":"iluvatar_load_gen::trace::trace_utils"}
{"timestamp":"2026-01-10 10:57:15.9876245","level":"INFO","fields":{"message":"prewarming Some(1) containers for function 'torch_rnn-4'"},"target":"iluvatar_load_gen::trace::trace_utils"}
{"timestamp":"2026-01-10 10:57:15.987637406","level":"INFO","fields":{"message":"prewarming Some(1) containers for function 'pyhpc-isoneural-3'"},"target":"iluvatar_load_gen::trace::trace_utils"}
{"timestamp":"2026-01-10 10:57:15.987650393","level":"INFO","fields":{"message":"prewarming Some(1) containers for function 'imagenet-4'"},"target":"iluvatar_load_gen::trace::trace_utils"}
{"timestamp":"2026-01-10 10:57:15.98765981","level":"INFO","fields":{"message":"prewarming Some(1) containers for function 'onnx-roberta-1'"},"target":"iluvatar_load_gen::trace::trace_utils"}
{"timestamp":"2026-01-10 10:57:15.98766906","level":"INFO","fields":{"message":"prewarming Some(1) containers for function 'pyhpc-eos-1'"},"target":"iluvatar_load_gen::trace::trace_utils"}
{"timestamp":"2026-01-10 10:57:15.987678782","level":"INFO","fields":{"message":"prewarming Some(1) containers for function 'squeezenet-1'"},"target":"iluvatar_load_gen::trace::trace_utils"}
{"timestamp":"2026-01-10 10:57:15.987698186","level":"INFO","fields":{"message":"prewarming Some(1) containers for function 'pyhpc-isoneural-0'"},"target":"iluvatar_load_gen::trace::trace_utils"}
{"timestamp":"2026-01-10 10:57:15.987710989","level":"INFO","fields":{"message":"prewarming Some(1) containers for function 'rodinia-pathfinder-3'"},"target":"iluvatar_load_gen::trace::trace_utils"}
{"timestamp":"2026-01-10 10:57:15.987720723","level":"INFO","fields":{"message":"prewarming Some(1) containers for function 'rodinia-lavamd-3'"},"target":"iluvatar_load_gen::trace::trace_utils"}
{"timestamp":"2026-01-10 10:57:15.987730267","level":"INFO","fields":{"message":"prewarming Some(1) containers for function 'cupy-0'"},"target":"iluvatar_load_gen::trace::trace_utils"}
{"timestamp":"2026-01-10 10:57:15.98774803","level":"INFO","fields":{"message":"prewarming Some(1) containers for function 'pyhpc-eos-0'"},"target":"iluvatar_load_gen::trace::trace_utils"}
{"timestamp":"2026-01-10 10:57:15.987757653","level":"INFO","fields":{"message":"prewarming Some(1) containers for function 'cupy-4'"},"target":"iluvatar_load_gen::trace::trace_utils"}
{"timestamp":"2026-01-10 10:57:15.987766784","level":"INFO","fields":{"message":"prewarming Some(1) containers for function 'rodinia-myocyte-3'"},"target":"iluvatar_load_gen::trace::trace_utils"}
{"timestamp":"2026-01-10 10:57:15.987775727","level":"INFO","fields":{"message":"prewarming Some(1) containers for function 'torch_rnn-1'"},"target":"iluvatar_load_gen::trace::trace_utils"}
{"timestamp":"2026-01-10 10:57:15.988363194","level":"INFO","fields":{"message":"prewarming Some(1) containers for function 'rodinia-needle-4'"},"target":"iluvatar_load_gen::trace::trace_utils"}
{"timestamp":"2026-01-10 10:57:15.988372734","level":"INFO","fields":{"message":"prewarming Some(1) containers for function 'rodinia-lavamd-2'"},"target":"iluvatar_load_gen::trace::trace_utils"}
{"timestamp":"2026-01-10 10:57:15.988381741","level":"INFO","fields":{"message":"prewarming Some(1) containers for function 'pyhpc-eos-4'"},"target":"iluvatar_load_gen::trace::trace_utils"}
{"timestamp":"2026-01-10 10:57:15.988390443","level":"INFO","fields":{"message":"prewarming Some(1) containers for function 'torch_rnn-0'"},"target":"iluvatar_load_gen::trace::trace_utils"}
{"timestamp":"2026-01-10 10:57:15.988404263","level":"INFO","fields":{"message":"prewarming Some(1) containers for function 'torch_rnn-3'"},"target":"iluvatar_load_gen::trace::trace_utils"}
{"timestamp":"2026-01-10 10:57:15.988413792","level":"INFO","fields":{"message":"prewarming Some(1) containers for function 'onnx-roberta-3'"},"target":"iluvatar_load_gen::trace::trace_utils"}
{"timestamp":"2026-01-10 10:57:15.988422782","level":"INFO","fields":{"message":"prewarming Some(1) containers for function 'rodinia-needle-2'"},"target":"iluvatar_load_gen::trace::trace_utils"}
{"timestamp":"2026-01-10 10:57:15.988431597","level":"INFO","fields":{"message":"prewarming Some(1) containers for function 'pyhpc-isoneural-4'"},"target":"iluvatar_load_gen::trace::trace_utils"}
{"timestamp":"2026-01-10 10:57:15.988441437","level":"INFO","fields":{"message":"prewarming Some(1) containers for function 'cupy-3'"},"target":"iluvatar_load_gen::trace::trace_utils"}
{"timestamp":"2026-01-10 10:57:15.988450598","level":"INFO","fields":{"message":"prewarming Some(1) containers for function 'onnx-roberta-0'"},"target":"iluvatar_load_gen::trace::trace_utils"}
{"timestamp":"2026-01-10 10:57:15.988459619","level":"INFO","fields":{"message":"prewarming Some(1) containers for function 'pyhpc-eos-2'"},"target":"iluvatar_load_gen::trace::trace_utils"}
{"timestamp":"2026-01-10 10:57:15.988468699","level":"INFO","fields":{"message":"prewarming Some(1) containers for function 'imagenet-0'"},"target":"iluvatar_load_gen::trace::trace_utils"}
{"timestamp":"2026-01-10 10:57:15.988477667","level":"INFO","fields":{"message":"prewarming Some(1) containers for function 'rodinia-pathfinder-1'"},"target":"iluvatar_load_gen::trace::trace_utils"}
{"timestamp":"2026-01-10 10:57:15.988486731","level":"INFO","fields":{"message":"prewarming Some(1) containers for function 'rodinia-lud-2'"},"target":"iluvatar_load_gen::trace::trace_utils"}
{"timestamp":"2026-01-10 10:57:15.988495262","level":"INFO","fields":{"message":"prewarming Some(1) containers for function 'rodinia-myocyte-4'"},"target":"iluvatar_load_gen::trace::trace_utils"}
{"timestamp":"2026-01-10 10:57:15.98850709","level":"INFO","fields":{"message":"prewarming Some(1) containers for function 'rodinia-pathfinder-4'"},"target":"iluvatar_load_gen::trace::trace_utils"}
{"timestamp":"2026-01-10 10:57:15.988539981","level":"INFO","fields":{"message":"prewarming Some(1) containers for function 'rodinia-srad-0'"},"target":"iluvatar_load_gen::trace::trace_utils"}
{"timestamp":"2026-01-10 10:57:15.988550638","level":"INFO","fields":{"message":"prewarming Some(1) containers for function 'rodinia-lud-0'"},"target":"iluvatar_load_gen::trace::trace_utils"}
{"timestamp":"2026-01-10 10:57:15.988559518","level":"INFO","fields":{"message":"prewarming Some(1) containers for function 'rodinia-needle-3'"},"target":"iluvatar_load_gen::trace::trace_utils"}
{"timestamp":"2026-01-10 10:57:15.988568489","level":"INFO","fields":{"message":"prewarming Some(1) containers for function 'rodinia-lud-3'"},"target":"iluvatar_load_gen::trace::trace_utils"}
{"timestamp":"2026-01-10 10:57:15.988577385","level":"INFO","fields":{"message":"prewarming Some(1) containers for function 'pyhpc-isoneural-1'"},"target":"iluvatar_load_gen::trace::trace_utils"}
{"timestamp":"2026-01-10 10:57:15.988586295","level":"INFO","fields":{"message":"prewarming Some(1) containers for function 'imagenet-1'"},"target":"iluvatar_load_gen::trace::trace_utils"}
{"timestamp":"2026-01-10 10:57:15.988595441","level":"INFO","fields":{"message":"prewarming Some(1) containers for function 'rodinia-srad-2'"},"target":"iluvatar_load_gen::trace::trace_utils"}
{"timestamp":"2026-01-10 10:57:15.988609121","level":"INFO","fields":{"message":"prewarming Some(1) containers for function 'cupy-1'"},"target":"iluvatar_load_gen::trace::trace_utils"}
{"timestamp":"2026-01-10 10:57:15.988621214","level":"INFO","fields":{"message":"prewarming Some(1) containers for function 'onnx-roberta-2'"},"target":"iluvatar_load_gen::trace::trace_utils"}
{"timestamp":"2026-01-10 10:57:15.988630385","level":"INFO","fields":{"message":"prewarming Some(1) containers for function 'cupy-2'"},"target":"iluvatar_load_gen::trace::trace_utils"}
{"timestamp":"2026-01-10 10:57:15.988639551","level":"INFO","fields":{"message":"prewarming Some(1) containers for function 'rodinia-lavamd-4'"},"target":"iluvatar_load_gen::trace::trace_utils"}
{"timestamp":"2026-01-10 10:57:15.988648375","level":"INFO","fields":{"message":"prewarming Some(1) containers for function 'squeezenet-2'"},"target":"iluvatar_load_gen::trace::trace_utils"}
{"timestamp":"2026-01-10 10:57:15.988657206","level":"INFO","fields":{"message":"prewarming Some(1) containers for function 'squeezenet-0'"},"target":"iluvatar_load_gen::trace::trace_utils"}
{"timestamp":"2026-01-10 10:57:15.988669228","level":"INFO","fields":{"message":"prewarming Some(1) containers for function 'rodinia-myocyte-1'"},"target":"iluvatar_load_gen::trace::trace_utils"}
{"timestamp":"2026-01-10 10:57:15.988679142","level":"INFO","fields":{"message":"prewarming Some(1) containers for function 'onnx-roberta-4'"},"target":"iluvatar_load_gen::trace::trace_utils"}
{"timestamp":"2026-01-10 10:57:15.988687985","level":"INFO","fields":{"message":"prewarming Some(1) containers for function 'rodinia-srad-3'"},"target":"iluvatar_load_gen::trace::trace_utils"}
{"timestamp":"2026-01-10 10:57:15.988698424","level":"INFO","fields":{"message":"prewarming Some(1) containers for function 'squeezenet-3'"},"target":"iluvatar_load_gen::trace::trace_utils"}
{"timestamp":"2026-01-10 10:57:15.988709481","level":"INFO","fields":{"message":"prewarming Some(1) containers for function 'rodinia-needle-1'"},"target":"iluvatar_load_gen::trace::trace_utils"}
{"timestamp":"2026-01-10 10:57:15.988719004","level":"INFO","fields":{"message":"prewarming Some(1) containers for function 'imagenet-3'"},"target":"iluvatar_load_gen::trace::trace_utils"}
{"timestamp":"2026-01-10 10:57:15.988728119","level":"INFO","fields":{"message":"prewarming Some(1) containers for function 'rodinia-srad-1'"},"target":"iluvatar_load_gen::trace::trace_utils"}
{"timestamp":"2026-01-10 10:57:15.988741306","level":"INFO","fields":{"message":"prewarming Some(1) containers for function 'rodinia-lud-1'"},"target":"iluvatar_load_gen::trace::trace_utils"}
{"timestamp":"2026-01-10 10:57:15.988750751","level":"INFO","fields":{"message":"prewarming Some(1) containers for function 'squeezenet-4'"},"target":"iluvatar_load_gen::trace::trace_utils"}
{"timestamp":"2026-01-10 10:57:15.988760009","level":"INFO","fields":{"message":"prewarming Some(1) containers for function 'rodinia-pathfinder-2'"},"target":"iluvatar_load_gen::trace::trace_utils"}
{"timestamp":"2026-01-10 10:57:15.988768905","level":"INFO","fields":{"message":"prewarming Some(1) containers for function 'torch_rnn-2'"},"target":"iluvatar_load_gen::trace::trace_utils"}
{"timestamp":"2026-01-10 10:57:15.988782539","level":"INFO","fields":{"message":"prewarming Some(1) containers for function 'rodinia-pathfinder-0'"},"target":"iluvatar_load_gen::trace::trace_utils"}
{"timestamp":"2026-01-10 10:57:15.988791948","level":"INFO","fields":{"message":"prewarming Some(1) containers for function 'pyhpc-eos-3'"},"target":"iluvatar_load_gen::trace::trace_utils"}
{"timestamp":"2026-01-10 10:57:15.988803329","level":"INFO","fields":{"message":"prewarming Some(1) containers for function 'rodinia-needle-0'"},"target":"iluvatar_load_gen::trace::trace_utils"}
{"timestamp":"2026-01-10 10:57:15.988813166","level":"INFO","fields":{"message":"prewarming Some(1) containers for function 'rodinia-myocyte-0'"},"target":"iluvatar_load_gen::trace::trace_utils"}
{"timestamp":"2026-01-10 10:57:15.988833204","level":"INFO","fields":{"message":"prewarming Some(1) containers for function 'rodinia-lavamd-1'"},"target":"iluvatar_load_gen::trace::trace_utils"}
{"timestamp":"2026-01-10 10:57:15.988842806","level":"INFO","fields":{"message":"prewarming Some(1) containers for function 'pyhpc-isoneural-2'"},"target":"iluvatar_load_gen::trace::trace_utils"}
{"timestamp":"2026-01-10 10:57:15.9888514","level":"INFO","fields":{"message":"prewarming Some(1) containers for function 'rodinia-srad-4'"},"target":"iluvatar_load_gen::trace::trace_utils"}
{"timestamp":"2026-01-10 10:57:15.988860845","level":"INFO","fields":{"message":"prewarming Some(1) containers for function 'rodinia-lud-4'"},"target":"iluvatar_load_gen::trace::trace_utils"}
{"timestamp":"2026-01-10 10:58:04.136800856","level":"INFO","fields":{"message":"Starting invocations","tid":"LiveWorkerLoad"},"target":"iluvatar_load_gen::trace::worker_trace"}
{"timestamp":"2026-01-10 11:28:03.412032857","level":"INFO","fields":{"message":"Invocations sent, awaiting on thread handles","tid":"LiveWorkerLoad"},"target":"iluvatar_load_gen::trace::worker_trace"}
{"timestamp":"2026-01-10 11:28:04.842592502","level":"INFO","fields":{"message":"Threads closed, writing results to file","tid":"LiveWorkerLoad"},"target":"iluvatar_load_gen::trace::worker_trace"}
