{"timestamp":"2026-01-06 23:10:41.073362027","level":"INFO","fields":{"message":"Logger initialized","tid":"LOAD_GEN_MAIN"},"target":"iluvatar_library::logging"}
{"timestamp":"2026-01-06 23:10:41.080263289","level":"INFO","fields":{"message":"starting live run","tid":"LiveWorkerLoad"},"target":"iluvatar_load_gen::trace::worker_trace"}
{"timestamp":"2026-01-06 23:10:41.081423347","level":"INFO","fields":{"message":"Function mapped to self name in benchmark","tid":"LiveWorkerLoad","function":"rodinia-needle-3","chosen_code":"rodinia-needle"},"target":"iluvatar_load_gen::trace::trace_utils"}
{"timestamp":"2026-01-06 23:10:41.081434423","level":"INFO","fields":{"message":"Function mapped to self name in benchmark","tid":"LiveWorkerLoad","function":"pyhpc-isoneural-2","chosen_code":"pyhpc-isoneural"},"target":"iluvatar_load_gen::trace::trace_utils"}
{"timestamp":"2026-01-06 23:10:41.081437923","level":"INFO","fields":{"message":"Function mapped to self name in benchmark","tid":"LiveWorkerLoad","function":"cupy-0","chosen_code":"cupy"},"target":"iluvatar_load_gen::trace::trace_utils"}
{"timestamp":"2026-01-06 23:10:41.081440611","level":"INFO","fields":{"message":"Function mapped to self name in benchmark","tid":"LiveWorkerLoad","function":"pyhpc-eos-3","chosen_code":"pyhpc-eos"},"target":"iluvatar_load_gen::trace::trace_utils"}
{"timestamp":"2026-01-06 23:10:41.081443347","level":"INFO","fields":{"message":"Function mapped to self name in benchmark","tid":"LiveWorkerLoad","function":"onnx-roberta-3","chosen_code":"onnx-roberta"},"target":"iluvatar_load_gen::trace::trace_utils"}
{"timestamp":"2026-01-06 23:10:41.081445745","level":"INFO","fields":{"message":"Function mapped to self name in benchmark","tid":"LiveWorkerLoad","function":"rodinia-lud-2","chosen_code":"rodinia-lud"},"target":"iluvatar_load_gen::trace::trace_utils"}
{"timestamp":"2026-01-06 23:10:41.081448667","level":"INFO","fields":{"message":"Function mapped to self name in benchmark","tid":"LiveWorkerLoad","function":"cupy-2","chosen_code":"cupy"},"target":"iluvatar_load_gen::trace::trace_utils"}
{"timestamp":"2026-01-06 23:10:41.081451306","level":"INFO","fields":{"message":"Function mapped to self name in benchmark","tid":"LiveWorkerLoad","function":"rodinia-pathfinder-1","chosen_code":"rodinia-pathfinder"},"target":"iluvatar_load_gen::trace::trace_utils"}
{"timestamp":"2026-01-06 23:10:41.081454026","level":"INFO","fields":{"message":"Function mapped to self name in benchmark","tid":"LiveWorkerLoad","function":"imagenet-2","chosen_code":"imagenet"},"target":"iluvatar_load_gen::trace::trace_utils"}
{"timestamp":"2026-01-06 23:10:41.081456652","level":"INFO","fields":{"message":"Function mapped to self name in benchmark","tid":"LiveWorkerLoad","function":"rodinia-srad-0","chosen_code":"rodinia-srad"},"target":"iluvatar_load_gen::trace::trace_utils"}
{"timestamp":"2026-01-06 23:10:41.081476025","level":"INFO","fields":{"message":"Function mapped to self name in benchmark","tid":"LiveWorkerLoad","function":"rodinia-lavamd-1","chosen_code":"rodinia-lavamd"},"target":"iluvatar_load_gen::trace::trace_utils"}
{"timestamp":"2026-01-06 23:10:41.081478718","level":"INFO","fields":{"message":"Function mapped to self name in benchmark","tid":"LiveWorkerLoad","function":"pyhpc-isoneural-0","chosen_code":"pyhpc-isoneural"},"target":"iluvatar_load_gen::trace::trace_utils"}
{"timestamp":"2026-01-06 23:10:41.081481417","level":"INFO","fields":{"message":"Function mapped to self name in benchmark","tid":"LiveWorkerLoad","function":"squeezenet-1","chosen_code":"squeezenet"},"target":"iluvatar_load_gen::trace::trace_utils"}
{"timestamp":"2026-01-06 23:10:41.081483931","level":"INFO","fields":{"message":"Function mapped to self name in benchmark","tid":"LiveWorkerLoad","function":"rodinia-srad-4","chosen_code":"rodinia-srad"},"target":"iluvatar_load_gen::trace::trace_utils"}
{"timestamp":"2026-01-06 23:10:41.081486544","level":"INFO","fields":{"message":"Function mapped to self name in benchmark","tid":"LiveWorkerLoad","function":"pyhpc-eos-2","chosen_code":"pyhpc-eos"},"target":"iluvatar_load_gen::trace::trace_utils"}
{"timestamp":"2026-01-06 23:10:41.081489009","level":"INFO","fields":{"message":"Function mapped to self name in benchmark","tid":"LiveWorkerLoad","function":"rodinia-pathfinder-0","chosen_code":"rodinia-pathfinder"},"target":"iluvatar_load_gen::trace::trace_utils"}
{"timestamp":"2026-01-06 23:10:41.081491604","level":"INFO","fields":{"message":"Function mapped to self name in benchmark","tid":"LiveWorkerLoad","function":"onnx-roberta-1","chosen_code":"onnx-roberta"},"target":"iluvatar_load_gen::trace::trace_utils"}
{"timestamp":"2026-01-06 23:10:41.081493974","level":"INFO","fields":{"message":"Function mapped to self name in benchmark","tid":"LiveWorkerLoad","function":"squeezenet-2","chosen_code":"squeezenet"},"target":"iluvatar_load_gen::trace::trace_utils"}
{"timestamp":"2026-01-06 23:10:41.081496461","level":"INFO","fields":{"message":"Function mapped to self name in benchmark","tid":"LiveWorkerLoad","function":"rodinia-lud-3","chosen_code":"rodinia-lud"},"target":"iluvatar_load_gen::trace::trace_utils"}
{"timestamp":"2026-01-06 23:10:41.081498846","level":"INFO","fields":{"message":"Function mapped to self name in benchmark","tid":"LiveWorkerLoad","function":"torch_rnn-1","chosen_code":"torch_rnn"},"target":"iluvatar_load_gen::trace::trace_utils"}
{"timestamp":"2026-01-06 23:10:41.081501341","level":"INFO","fields":{"message":"Function mapped to self name in benchmark","tid":"LiveWorkerLoad","function":"torch_rnn-3","chosen_code":"torch_rnn"},"target":"iluvatar_load_gen::trace::trace_utils"}
{"timestamp":"2026-01-06 23:10:41.081503619","level":"INFO","fields":{"message":"Function mapped to self name in benchmark","tid":"LiveWorkerLoad","function":"squeezenet-3","chosen_code":"squeezenet"},"target":"iluvatar_load_gen::trace::trace_utils"}
{"timestamp":"2026-01-06 23:10:41.081505961","level":"INFO","fields":{"message":"Function mapped to self name in benchmark","tid":"LiveWorkerLoad","function":"squeezenet-0","chosen_code":"squeezenet"},"target":"iluvatar_load_gen::trace::trace_utils"}
{"timestamp":"2026-01-06 23:10:41.08150824","level":"INFO","fields":{"message":"Function mapped to self name in benchmark","tid":"LiveWorkerLoad","function":"torch_rnn-2","chosen_code":"torch_rnn"},"target":"iluvatar_load_gen::trace::trace_utils"}
{"timestamp":"2026-01-06 23:10:41.081511022","level":"INFO","fields":{"message":"Function mapped to self name in benchmark","tid":"LiveWorkerLoad","function":"cupy-4","chosen_code":"cupy"},"target":"iluvatar_load_gen::trace::trace_utils"}
{"timestamp":"2026-01-06 23:10:41.081513489","level":"INFO","fields":{"message":"Function mapped to self name in benchmark","tid":"LiveWorkerLoad","function":"imagenet-1","chosen_code":"imagenet"},"target":"iluvatar_load_gen::trace::trace_utils"}
{"timestamp":"2026-01-06 23:10:41.081515948","level":"INFO","fields":{"message":"Function mapped to self name in benchmark","tid":"LiveWorkerLoad","function":"rodinia-myocyte-1","chosen_code":"rodinia-myocyte"},"target":"iluvatar_load_gen::trace::trace_utils"}
{"timestamp":"2026-01-06 23:10:41.081518358","level":"INFO","fields":{"message":"Function mapped to self name in benchmark","tid":"LiveWorkerLoad","function":"rodinia-needle-0","chosen_code":"rodinia-needle"},"target":"iluvatar_load_gen::trace::trace_utils"}
{"timestamp":"2026-01-06 23:10:41.08152074","level":"INFO","fields":{"message":"Function mapped to self name in benchmark","tid":"LiveWorkerLoad","function":"rodinia-lud-1","chosen_code":"rodinia-lud"},"target":"iluvatar_load_gen::trace::trace_utils"}
{"timestamp":"2026-01-06 23:10:41.081523215","level":"INFO","fields":{"message":"Function mapped to self name in benchmark","tid":"LiveWorkerLoad","function":"rodinia-lavamd-2","chosen_code":"rodinia-lavamd"},"target":"iluvatar_load_gen::trace::trace_utils"}
{"timestamp":"2026-01-06 23:10:41.081525586","level":"INFO","fields":{"message":"Function mapped to self name in benchmark","tid":"LiveWorkerLoad","function":"rodinia-myocyte-3","chosen_code":"rodinia-myocyte"},"target":"iluvatar_load_gen::trace::trace_utils"}
{"timestamp":"2026-01-06 23:10:41.081527957","level":"INFO","fields":{"message":"Function mapped to self name in benchmark","tid":"LiveWorkerLoad","function":"rodinia-needle-1","chosen_code":"rodinia-needle"},"target":"iluvatar_load_gen::trace::trace_utils"}
{"timestamp":"2026-01-06 23:10:41.081530302","level":"INFO","fields":{"message":"Function mapped to self name in benchmark","tid":"LiveWorkerLoad","function":"imagenet-3","chosen_code":"imagenet"},"target":"iluvatar_load_gen::trace::trace_utils"}
{"timestamp":"2026-01-06 23:10:41.081532641","level":"INFO","fields":{"message":"Function mapped to self name in benchmark","tid":"LiveWorkerLoad","function":"pyhpc-isoneural-1","chosen_code":"pyhpc-isoneural"},"target":"iluvatar_load_gen::trace::trace_utils"}
{"timestamp":"2026-01-06 23:10:41.081534975","level":"INFO","fields":{"message":"Function mapped to self name in benchmark","tid":"LiveWorkerLoad","function":"rodinia-lavamd-3","chosen_code":"rodinia-lavamd"},"target":"iluvatar_load_gen::trace::trace_utils"}
{"timestamp":"2026-01-06 23:10:41.081537467","level":"INFO","fields":{"message":"Function mapped to self name in benchmark","tid":"LiveWorkerLoad","function":"rodinia-needle-2","chosen_code":"rodinia-needle"},"target":"iluvatar_load_gen::trace::trace_utils"}
{"timestamp":"2026-01-06 23:10:41.081539807","level":"INFO","fields":{"message":"Function mapped to self name in benchmark","tid":"LiveWorkerLoad","function":"rodinia-pathfinder-4","chosen_code":"rodinia-pathfinder"},"target":"iluvatar_load_gen::trace::trace_utils"}
{"timestamp":"2026-01-06 23:10:41.08154224","level":"INFO","fields":{"message":"Function mapped to self name in benchmark","tid":"LiveWorkerLoad","function":"rodinia-srad-1","chosen_code":"rodinia-srad"},"target":"iluvatar_load_gen::trace::trace_utils"}
{"timestamp":"2026-01-06 23:10:41.081545183","level":"INFO","fields":{"message":"Function mapped to self name in benchmark","tid":"LiveWorkerLoad","function":"imagenet-0","chosen_code":"imagenet"},"target":"iluvatar_load_gen::trace::trace_utils"}
{"timestamp":"2026-01-06 23:10:41.081548239","level":"INFO","fields":{"message":"Function mapped to self name in benchmark","tid":"LiveWorkerLoad","function":"pyhpc-eos-4","chosen_code":"pyhpc-eos"},"target":"iluvatar_load_gen::trace::trace_utils"}
{"timestamp":"2026-01-06 23:10:41.081553782","level":"INFO","fields":{"message":"Function mapped to self name in benchmark","tid":"LiveWorkerLoad","function":"imagenet-4","chosen_code":"imagenet"},"target":"iluvatar_load_gen::trace::trace_utils"}
{"timestamp":"2026-01-06 23:10:41.081556144","level":"INFO","fields":{"message":"Function mapped to self name in benchmark","tid":"LiveWorkerLoad","function":"rodinia-lavamd-0","chosen_code":"rodinia-lavamd"},"target":"iluvatar_load_gen::trace::trace_utils"}
{"timestamp":"2026-01-06 23:10:41.081558761","level":"INFO","fields":{"message":"Function mapped to self name in benchmark","tid":"LiveWorkerLoad","function":"squeezenet-4","chosen_code":"squeezenet"},"target":"iluvatar_load_gen::trace::trace_utils"}
{"timestamp":"2026-01-06 23:10:41.081561135","level":"INFO","fields":{"message":"Function mapped to self name in benchmark","tid":"LiveWorkerLoad","function":"pyhpc-eos-1","chosen_code":"pyhpc-eos"},"target":"iluvatar_load_gen::trace::trace_utils"}
{"timestamp":"2026-01-06 23:10:41.081563474","level":"INFO","fields":{"message":"Function mapped to self name in benchmark","tid":"LiveWorkerLoad","function":"onnx-roberta-4","chosen_code":"onnx-roberta"},"target":"iluvatar_load_gen::trace::trace_utils"}
{"timestamp":"2026-01-06 23:10:41.081565917","level":"INFO","fields":{"message":"Function mapped to self name in benchmark","tid":"LiveWorkerLoad","function":"rodinia-lud-4","chosen_code":"rodinia-lud"},"target":"iluvatar_load_gen::trace::trace_utils"}
{"timestamp":"2026-01-06 23:10:41.081570907","level":"INFO","fields":{"message":"Function mapped to self name in benchmark","tid":"LiveWorkerLoad","function":"pyhpc-isoneural-3","chosen_code":"pyhpc-isoneural"},"target":"iluvatar_load_gen::trace::trace_utils"}
{"timestamp":"2026-01-06 23:10:41.081573395","level":"INFO","fields":{"message":"Function mapped to self name in benchmark","tid":"LiveWorkerLoad","function":"onnx-roberta-0","chosen_code":"onnx-roberta"},"target":"iluvatar_load_gen::trace::trace_utils"}
{"timestamp":"2026-01-06 23:10:41.081576493","level":"INFO","fields":{"message":"Function mapped to self name in benchmark","tid":"LiveWorkerLoad","function":"torch_rnn-4","chosen_code":"torch_rnn"},"target":"iluvatar_load_gen::trace::trace_utils"}
{"timestamp":"2026-01-06 23:10:41.081579487","level":"INFO","fields":{"message":"Function mapped to self name in benchmark","tid":"LiveWorkerLoad","function":"rodinia-pathfinder-3","chosen_code":"rodinia-pathfinder"},"target":"iluvatar_load_gen::trace::trace_utils"}
{"timestamp":"2026-01-06 23:10:41.081582447","level":"INFO","fields":{"message":"Function mapped to self name in benchmark","tid":"LiveWorkerLoad","function":"rodinia-myocyte-2","chosen_code":"rodinia-myocyte"},"target":"iluvatar_load_gen::trace::trace_utils"}
{"timestamp":"2026-01-06 23:10:41.081586175","level":"INFO","fields":{"message":"Function mapped to self name in benchmark","tid":"LiveWorkerLoad","function":"rodinia-lud-0","chosen_code":"rodinia-lud"},"target":"iluvatar_load_gen::trace::trace_utils"}
{"timestamp":"2026-01-06 23:10:41.081589013","level":"INFO","fields":{"message":"Function mapped to self name in benchmark","tid":"LiveWorkerLoad","function":"rodinia-myocyte-4","chosen_code":"rodinia-myocyte"},"target":"iluvatar_load_gen::trace::trace_utils"}
{"timestamp":"2026-01-06 23:10:41.081592601","level":"INFO","fields":{"message":"Function mapped to self name in benchmark","tid":"LiveWorkerLoad","function":"cupy-1","chosen_code":"cupy"},"target":"iluvatar_load_gen::trace::trace_utils"}
{"timestamp":"2026-01-06 23:10:41.081595589","level":"INFO","fields":{"message":"Function mapped to self name in benchmark","tid":"LiveWorkerLoad","function":"rodinia-pathfinder-2","chosen_code":"rodinia-pathfinder"},"target":"iluvatar_load_gen::trace::trace_utils"}
{"timestamp":"2026-01-06 23:10:41.081598061","level":"INFO","fields":{"message":"Function mapped to self name in benchmark","tid":"LiveWorkerLoad","function":"pyhpc-isoneural-4","chosen_code":"pyhpc-isoneural"},"target":"iluvatar_load_gen::trace::trace_utils"}
{"timestamp":"2026-01-06 23:10:41.08160059","level":"INFO","fields":{"message":"Function mapped to self name in benchmark","tid":"LiveWorkerLoad","function":"pyhpc-eos-0","chosen_code":"pyhpc-eos"},"target":"iluvatar_load_gen::trace::trace_utils"}
{"timestamp":"2026-01-06 23:10:41.081603147","level":"INFO","fields":{"message":"Function mapped to self name in benchmark","tid":"LiveWorkerLoad","function":"rodinia-myocyte-0","chosen_code":"rodinia-myocyte"},"target":"iluvatar_load_gen::trace::trace_utils"}
{"timestamp":"2026-01-06 23:10:41.081606544","level":"INFO","fields":{"message":"Function mapped to self name in benchmark","tid":"LiveWorkerLoad","function":"rodinia-needle-4","chosen_code":"rodinia-needle"},"target":"iluvatar_load_gen::trace::trace_utils"}
{"timestamp":"2026-01-06 23:10:41.081609714","level":"INFO","fields":{"message":"Function mapped to self name in benchmark","tid":"LiveWorkerLoad","function":"cupy-3","chosen_code":"cupy"},"target":"iluvatar_load_gen::trace::trace_utils"}
{"timestamp":"2026-01-06 23:10:41.081614372","level":"INFO","fields":{"message":"Function mapped to self name in benchmark","tid":"LiveWorkerLoad","function":"onnx-roberta-2","chosen_code":"onnx-roberta"},"target":"iluvatar_load_gen::trace::trace_utils"}
{"timestamp":"2026-01-06 23:10:41.081617337","level":"INFO","fields":{"message":"Function mapped to self name in benchmark","tid":"LiveWorkerLoad","function":"rodinia-lavamd-4","chosen_code":"rodinia-lavamd"},"target":"iluvatar_load_gen::trace::trace_utils"}
{"timestamp":"2026-01-06 23:10:41.081622341","level":"INFO","fields":{"message":"Function mapped to self name in benchmark","tid":"LiveWorkerLoad","function":"rodinia-srad-2","chosen_code":"rodinia-srad"},"target":"iluvatar_load_gen::trace::trace_utils"}
{"timestamp":"2026-01-06 23:10:41.081625395","level":"INFO","fields":{"message":"Function mapped to self name in benchmark","tid":"LiveWorkerLoad","function":"rodinia-srad-3","chosen_code":"rodinia-srad"},"target":"iluvatar_load_gen::trace::trace_utils"}
{"timestamp":"2026-01-06 23:10:41.081627706","level":"INFO","fields":{"message":"Function mapped to self name in benchmark","tid":"LiveWorkerLoad","function":"torch_rnn-0","chosen_code":"torch_rnn"},"target":"iluvatar_load_gen::trace::trace_utils"}
{"timestamp":"2026-01-06 23:10:41.081630181","level":"INFO","fields":{"message":"A total of 65 prewarmed containers","tid":"LiveWorkerLoad"},"target":"iluvatar_load_gen::trace::trace_utils"}
{"timestamp":"2026-01-06 23:10:41.13910368","level":"INFO","fields":{"message":"prewarming Some(1) containers for function 'rodinia-needle-3'"},"target":"iluvatar_load_gen::trace::trace_utils"}
{"timestamp":"2026-01-06 23:10:41.139181643","level":"INFO","fields":{"message":"prewarming Some(1) containers for function 'pyhpc-isoneural-2'"},"target":"iluvatar_load_gen::trace::trace_utils"}
{"timestamp":"2026-01-06 23:10:41.139215622","level":"INFO","fields":{"message":"prewarming Some(1) containers for function 'cupy-0'"},"target":"iluvatar_load_gen::trace::trace_utils"}
{"timestamp":"2026-01-06 23:10:41.139231915","level":"INFO","fields":{"message":"prewarming Some(1) containers for function 'pyhpc-eos-3'"},"target":"iluvatar_load_gen::trace::trace_utils"}
{"timestamp":"2026-01-06 23:10:41.139236325","level":"INFO","fields":{"message":"prewarming Some(1) containers for function 'onnx-roberta-3'"},"target":"iluvatar_load_gen::trace::trace_utils"}
{"timestamp":"2026-01-06 23:10:41.139329526","level":"INFO","fields":{"message":"prewarming Some(1) containers for function 'rodinia-lud-2'"},"target":"iluvatar_load_gen::trace::trace_utils"}
{"timestamp":"2026-01-06 23:10:41.139338992","level":"INFO","fields":{"message":"prewarming Some(1) containers for function 'cupy-2'"},"target":"iluvatar_load_gen::trace::trace_utils"}
{"timestamp":"2026-01-06 23:10:41.139345573","level":"INFO","fields":{"message":"prewarming Some(1) containers for function 'rodinia-pathfinder-1'"},"target":"iluvatar_load_gen::trace::trace_utils"}
{"timestamp":"2026-01-06 23:10:41.139356476","level":"INFO","fields":{"message":"prewarming Some(1) containers for function 'imagenet-2'"},"target":"iluvatar_load_gen::trace::trace_utils"}
{"timestamp":"2026-01-06 23:10:41.139388512","level":"INFO","fields":{"message":"prewarming Some(1) containers for function 'rodinia-srad-0'"},"target":"iluvatar_load_gen::trace::trace_utils"}
{"timestamp":"2026-01-06 23:10:41.139399699","level":"INFO","fields":{"message":"prewarming Some(1) containers for function 'rodinia-lavamd-1'"},"target":"iluvatar_load_gen::trace::trace_utils"}
{"timestamp":"2026-01-06 23:10:41.139406242","level":"INFO","fields":{"message":"prewarming Some(1) containers for function 'pyhpc-isoneural-0'"},"target":"iluvatar_load_gen::trace::trace_utils"}
{"timestamp":"2026-01-06 23:10:41.139415686","level":"INFO","fields":{"message":"prewarming Some(1) containers for function 'squeezenet-1'"},"target":"iluvatar_load_gen::trace::trace_utils"}
{"timestamp":"2026-01-06 23:10:41.13942242","level":"INFO","fields":{"message":"prewarming Some(1) containers for function 'rodinia-srad-4'"},"target":"iluvatar_load_gen::trace::trace_utils"}
{"timestamp":"2026-01-06 23:10:41.139429368","level":"INFO","fields":{"message":"prewarming Some(1) containers for function 'pyhpc-eos-2'"},"target":"iluvatar_load_gen::trace::trace_utils"}
{"timestamp":"2026-01-06 23:10:41.139439749","level":"INFO","fields":{"message":"prewarming Some(1) containers for function 'rodinia-pathfinder-0'"},"target":"iluvatar_load_gen::trace::trace_utils"}
{"timestamp":"2026-01-06 23:10:41.139447044","level":"INFO","fields":{"message":"prewarming Some(1) containers for function 'onnx-roberta-1'"},"target":"iluvatar_load_gen::trace::trace_utils"}
{"timestamp":"2026-01-06 23:10:41.139864972","level":"INFO","fields":{"message":"prewarming Some(1) containers for function 'squeezenet-2'"},"target":"iluvatar_load_gen::trace::trace_utils"}
{"timestamp":"2026-01-06 23:10:41.139871705","level":"INFO","fields":{"message":"prewarming Some(1) containers for function 'rodinia-lud-3'"},"target":"iluvatar_load_gen::trace::trace_utils"}
{"timestamp":"2026-01-06 23:10:41.139878332","level":"INFO","fields":{"message":"prewarming Some(1) containers for function 'torch_rnn-1'"},"target":"iluvatar_load_gen::trace::trace_utils"}
{"timestamp":"2026-01-06 23:10:41.139884746","level":"INFO","fields":{"message":"prewarming Some(1) containers for function 'torch_rnn-3'"},"target":"iluvatar_load_gen::trace::trace_utils"}
{"timestamp":"2026-01-06 23:10:41.139893028","level":"INFO","fields":{"message":"prewarming Some(1) containers for function 'squeezenet-3'"},"target":"iluvatar_load_gen::trace::trace_utils"}
{"timestamp":"2026-01-06 23:10:41.139901793","level":"INFO","fields":{"message":"prewarming Some(1) containers for function 'squeezenet-0'"},"target":"iluvatar_load_gen::trace::trace_utils"}
{"timestamp":"2026-01-06 23:10:41.139908542","level":"INFO","fields":{"message":"prewarming Some(1) containers for function 'torch_rnn-2'"},"target":"iluvatar_load_gen::trace::trace_utils"}
{"timestamp":"2026-01-06 23:10:41.139915832","level":"INFO","fields":{"message":"prewarming Some(1) containers for function 'cupy-4'"},"target":"iluvatar_load_gen::trace::trace_utils"}
{"timestamp":"2026-01-06 23:10:41.139924172","level":"INFO","fields":{"message":"prewarming Some(1) containers for function 'imagenet-1'"},"target":"iluvatar_load_gen::trace::trace_utils"}
{"timestamp":"2026-01-06 23:10:41.139931146","level":"INFO","fields":{"message":"prewarming Some(1) containers for function 'rodinia-myocyte-1'"},"target":"iluvatar_load_gen::trace::trace_utils"}
{"timestamp":"2026-01-06 23:10:41.139937944","level":"INFO","fields":{"message":"prewarming Some(1) containers for function 'rodinia-needle-0'"},"target":"iluvatar_load_gen::trace::trace_utils"}
{"timestamp":"2026-01-06 23:10:41.139946641","level":"INFO","fields":{"message":"prewarming Some(1) containers for function 'rodinia-lud-1'"},"target":"iluvatar_load_gen::trace::trace_utils"}
{"timestamp":"2026-01-06 23:10:41.139953456","level":"INFO","fields":{"message":"prewarming Some(1) containers for function 'rodinia-lavamd-2'"},"target":"iluvatar_load_gen::trace::trace_utils"}
{"timestamp":"2026-01-06 23:10:41.139959985","level":"INFO","fields":{"message":"prewarming Some(1) containers for function 'rodinia-myocyte-3'"},"target":"iluvatar_load_gen::trace::trace_utils"}
{"timestamp":"2026-01-06 23:10:41.139966875","level":"INFO","fields":{"message":"prewarming Some(1) containers for function 'rodinia-needle-1'"},"target":"iluvatar_load_gen::trace::trace_utils"}
{"timestamp":"2026-01-06 23:10:41.139973761","level":"INFO","fields":{"message":"prewarming Some(1) containers for function 'imagenet-3'"},"target":"iluvatar_load_gen::trace::trace_utils"}
{"timestamp":"2026-01-06 23:10:41.139999736","level":"INFO","fields":{"message":"prewarming Some(1) containers for function 'pyhpc-isoneural-1'"},"target":"iluvatar_load_gen::trace::trace_utils"}
{"timestamp":"2026-01-06 23:10:41.140011477","level":"INFO","fields":{"message":"prewarming Some(1) containers for function 'rodinia-lavamd-3'"},"target":"iluvatar_load_gen::trace::trace_utils"}
{"timestamp":"2026-01-06 23:10:41.14001777","level":"INFO","fields":{"message":"prewarming Some(1) containers for function 'rodinia-needle-2'"},"target":"iluvatar_load_gen::trace::trace_utils"}
{"timestamp":"2026-01-06 23:10:41.140026123","level":"INFO","fields":{"message":"prewarming Some(1) containers for function 'rodinia-pathfinder-4'"},"target":"iluvatar_load_gen::trace::trace_utils"}
{"timestamp":"2026-01-06 23:10:41.14003296","level":"INFO","fields":{"message":"prewarming Some(1) containers for function 'rodinia-srad-1'"},"target":"iluvatar_load_gen::trace::trace_utils"}
{"timestamp":"2026-01-06 23:10:41.14003972","level":"INFO","fields":{"message":"prewarming Some(1) containers for function 'imagenet-0'"},"target":"iluvatar_load_gen::trace::trace_utils"}
{"timestamp":"2026-01-06 23:10:41.140046302","level":"INFO","fields":{"message":"prewarming Some(1) containers for function 'pyhpc-eos-4'"},"target":"iluvatar_load_gen::trace::trace_utils"}
{"timestamp":"2026-01-06 23:10:41.140057307","level":"INFO","fields":{"message":"prewarming Some(1) containers for function 'imagenet-4'"},"target":"iluvatar_load_gen::trace::trace_utils"}
{"timestamp":"2026-01-06 23:10:41.140063952","level":"INFO","fields":{"message":"prewarming Some(1) containers for function 'rodinia-lavamd-0'"},"target":"iluvatar_load_gen::trace::trace_utils"}
{"timestamp":"2026-01-06 23:10:41.140070783","level":"INFO","fields":{"message":"prewarming Some(1) containers for function 'squeezenet-4'"},"target":"iluvatar_load_gen::trace::trace_utils"}
{"timestamp":"2026-01-06 23:10:41.140078226","level":"INFO","fields":{"message":"prewarming Some(1) containers for function 'pyhpc-eos-1'"},"target":"iluvatar_load_gen::trace::trace_utils"}
{"timestamp":"2026-01-06 23:10:41.140085108","level":"INFO","fields":{"message":"prewarming Some(1) containers for function 'onnx-roberta-4'"},"target":"iluvatar_load_gen::trace::trace_utils"}
{"timestamp":"2026-01-06 23:10:41.14009205","level":"INFO","fields":{"message":"prewarming Some(1) containers for function 'rodinia-lud-4'"},"target":"iluvatar_load_gen::trace::trace_utils"}
{"timestamp":"2026-01-06 23:10:41.14010106","level":"INFO","fields":{"message":"prewarming Some(1) containers for function 'pyhpc-isoneural-3'"},"target":"iluvatar_load_gen::trace::trace_utils"}
{"timestamp":"2026-01-06 23:10:41.140108163","level":"INFO","fields":{"message":"prewarming Some(1) containers for function 'onnx-roberta-0'"},"target":"iluvatar_load_gen::trace::trace_utils"}
{"timestamp":"2026-01-06 23:10:41.140116555","level":"INFO","fields":{"message":"prewarming Some(1) containers for function 'torch_rnn-4'"},"target":"iluvatar_load_gen::trace::trace_utils"}
{"timestamp":"2026-01-06 23:10:41.140123592","level":"INFO","fields":{"message":"prewarming Some(1) containers for function 'rodinia-pathfinder-3'"},"target":"iluvatar_load_gen::trace::trace_utils"}
{"timestamp":"2026-01-06 23:10:41.140131157","level":"INFO","fields":{"message":"prewarming Some(1) containers for function 'rodinia-myocyte-2'"},"target":"iluvatar_load_gen::trace::trace_utils"}
{"timestamp":"2026-01-06 23:10:41.140138281","level":"INFO","fields":{"message":"prewarming Some(1) containers for function 'rodinia-lud-0'"},"target":"iluvatar_load_gen::trace::trace_utils"}
{"timestamp":"2026-01-06 23:10:41.14014526","level":"INFO","fields":{"message":"prewarming Some(1) containers for function 'rodinia-myocyte-4'"},"target":"iluvatar_load_gen::trace::trace_utils"}
{"timestamp":"2026-01-06 23:10:41.140152389","level":"INFO","fields":{"message":"prewarming Some(1) containers for function 'cupy-1'"},"target":"iluvatar_load_gen::trace::trace_utils"}
{"timestamp":"2026-01-06 23:10:41.140160593","level":"INFO","fields":{"message":"prewarming Some(1) containers for function 'rodinia-pathfinder-2'"},"target":"iluvatar_load_gen::trace::trace_utils"}
{"timestamp":"2026-01-06 23:10:41.140167735","level":"INFO","fields":{"message":"prewarming Some(1) containers for function 'pyhpc-isoneural-4'"},"target":"iluvatar_load_gen::trace::trace_utils"}
{"timestamp":"2026-01-06 23:10:41.140177201","level":"INFO","fields":{"message":"prewarming Some(1) containers for function 'pyhpc-eos-0'"},"target":"iluvatar_load_gen::trace::trace_utils"}
{"timestamp":"2026-01-06 23:10:41.140184439","level":"INFO","fields":{"message":"prewarming Some(1) containers for function 'rodinia-myocyte-0'"},"target":"iluvatar_load_gen::trace::trace_utils"}
{"timestamp":"2026-01-06 23:10:41.14019393","level":"INFO","fields":{"message":"prewarming Some(1) containers for function 'rodinia-needle-4'"},"target":"iluvatar_load_gen::trace::trace_utils"}
{"timestamp":"2026-01-06 23:10:41.140200851","level":"INFO","fields":{"message":"prewarming Some(1) containers for function 'cupy-3'"},"target":"iluvatar_load_gen::trace::trace_utils"}
{"timestamp":"2026-01-06 23:10:41.140210338","level":"INFO","fields":{"message":"prewarming Some(1) containers for function 'onnx-roberta-2'"},"target":"iluvatar_load_gen::trace::trace_utils"}
{"timestamp":"2026-01-06 23:10:41.14022175","level":"INFO","fields":{"message":"prewarming Some(1) containers for function 'rodinia-lavamd-4'"},"target":"iluvatar_load_gen::trace::trace_utils"}
{"timestamp":"2026-01-06 23:10:41.140228709","level":"INFO","fields":{"message":"prewarming Some(1) containers for function 'rodinia-srad-2'"},"target":"iluvatar_load_gen::trace::trace_utils"}
{"timestamp":"2026-01-06 23:10:41.140237157","level":"INFO","fields":{"message":"prewarming Some(1) containers for function 'rodinia-srad-3'"},"target":"iluvatar_load_gen::trace::trace_utils"}
{"timestamp":"2026-01-06 23:10:41.1402443","level":"INFO","fields":{"message":"prewarming Some(1) containers for function 'torch_rnn-0'"},"target":"iluvatar_load_gen::trace::trace_utils"}
{"timestamp":"2026-01-06 23:11:29.066315783","level":"INFO","fields":{"message":"Starting invocations","tid":"LiveWorkerLoad"},"target":"iluvatar_load_gen::trace::worker_trace"}
{"timestamp":"2026-01-06 23:41:28.29910507","level":"INFO","fields":{"message":"Invocations sent, awaiting on thread handles","tid":"LiveWorkerLoad"},"target":"iluvatar_load_gen::trace::worker_trace"}
{"timestamp":"2026-01-06 23:41:29.685828952","level":"INFO","fields":{"message":"Threads closed, writing results to file","tid":"LiveWorkerLoad"},"target":"iluvatar_load_gen::trace::worker_trace"}
